{"/home/suraj/Documents/study_material/web dev/Atlan/weekendly1/StickerSmash/App.tsx": {"path":"/home/suraj/Documents/study_material/web dev/Atlan/weekendly1/StickerSmash/App.tsx","statementMap":{"0":{"start":{"line":10,"column":14},"end":{"line":10,"column":42}},"1":{"start":{"line":13,"column":2},"end":{"line":37,"column":4}}},"fnMap":{"0":{"name":"App","decl":{"start":{"line":12,"column":24},"end":{"line":12,"column":27}},"loc":{"start":{"line":12,"column":30},"end":{"line":38,"column":1}},"line":12}},"branchMap":{},"s":{"0":0,"1":0},"f":{"0":0},"b":{}}
,"/home/suraj/Documents/study_material/web dev/Atlan/weekendly1/StickerSmash/expo-env.d.ts": {"path":"/home/suraj/Documents/study_material/web dev/Atlan/weekendly1/StickerSmash/expo-env.d.ts","statementMap":{},"fnMap":{},"branchMap":{},"s":{},"f":{},"b":{}}
,"/home/suraj/Documents/study_material/web dev/Atlan/weekendly1/StickerSmash/.expo/types/router.d.ts": {"path":"/home/suraj/Documents/study_material/web dev/Atlan/weekendly1/StickerSmash/.expo/types/router.d.ts","statementMap":{},"fnMap":{},"branchMap":{},"s":{},"f":{},"b":{}}
,"/home/suraj/Documents/study_material/web dev/Atlan/weekendly1/StickerSmash/app/_layout.tsx": {"path":"/home/suraj/Documents/study_material/web dev/Atlan/weekendly1/StickerSmash/app/_layout.tsx","statementMap":{"0":{"start":{"line":6,"column":2},"end":{"line":34,"column":4}}},"fnMap":{"0":{"name":"RootLayout","decl":{"start":{"line":5,"column":24},"end":{"line":5,"column":34}},"loc":{"start":{"line":5,"column":37},"end":{"line":35,"column":1}},"line":5}},"branchMap":{},"s":{"0":0},"f":{"0":0},"b":{}}
,"/home/suraj/Documents/study_material/web dev/Atlan/weekendly1/StickerSmash/app/activity-list.tsx": {"path":"/home/suraj/Documents/study_material/web dev/Atlan/weekendly1/StickerSmash/app/activity-list.tsx","statementMap":{"0":{"start":{"line":10,"column":40},"end":{"line":10,"column":58}},"1":{"start":{"line":11,"column":50},"end":{"line":11,"column":85}},"2":{"start":{"line":12,"column":17},"end":{"line":12,"column":28}},"3":{"start":{"line":13,"column":17},"end":{"line":13,"column":39}},"4":{"start":{"line":15,"column":29},"end":{"line":20,"column":4}},"5":{"start":{"line":16,"column":26},"end":{"line":17,"column":77}},"6":{"start":{"line":18,"column":28},"end":{"line":18,"column":87}},"7":{"start":{"line":19,"column":4},"end":{"line":19,"column":44}},"8":{"start":{"line":22,"column":31},"end":{"line":32,"column":3}},"9":{"start":{"line":23,"column":21},"end":{"line":23,"column":60}},"10":{"start":{"line":24,"column":4},"end":{"line":27,"column":5}},"11":{"start":{"line":25,"column":6},"end":{"line":25,"column":41}},"12":{"start":{"line":26,"column":6},"end":{"line":26,"column":13}},"13":{"start":{"line":28,"column":20},"end":{"line":28,"column":67}},"14":{"start":{"line":29,"column":4},"end":{"line":31,"column":5}},"15":{"start":{"line":30,"column":6},"end":{"line":30,"column":20}},"16":{"start":{"line":34,"column":2},"end":{"line":82,"column":4}},"17":{"start":{"line":46,"column":12},"end":{"line":53,"column":19}},"18":{"start":{"line":49,"column":29},"end":{"line":49,"column":97}},"19":{"start":{"line":60,"column":10},"end":{"line":78,"column":17}},"20":{"start":{"line":63,"column":27},"end":{"line":63,"column":57}},"21":{"start":{"line":74,"column":54},"end":{"line":74,"column":84}},"22":{"start":{"line":85,"column":15},"end":{"line":123,"column":2}}},"fnMap":{"0":{"name":"ActivityListScreen","decl":{"start":{"line":9,"column":24},"end":{"line":9,"column":42}},"loc":{"start":{"line":9,"column":45},"end":{"line":83,"column":1}},"line":9},"1":{"name":"(anonymous_1)","decl":{"start":{"line":15,"column":53},"end":{"line":15,"column":54}},"loc":{"start":{"line":15,"column":67},"end":{"line":20,"column":3}},"line":15},"2":{"name":"(anonymous_2)","decl":{"start":{"line":22,"column":31},"end":{"line":22,"column":32}},"loc":{"start":{"line":22,"column":61},"end":{"line":32,"column":3}},"line":22},"3":{"name":"(anonymous_3)","decl":{"start":{"line":45,"column":34},"end":{"line":45,"column":35}},"loc":{"start":{"line":46,"column":12},"end":{"line":53,"column":19}},"line":46},"4":{"name":"(anonymous_4)","decl":{"start":{"line":49,"column":23},"end":{"line":49,"column":24}},"loc":{"start":{"line":49,"column":29},"end":{"line":49,"column":97}},"line":49},"5":{"name":"(anonymous_5)","decl":{"start":{"line":59,"column":32},"end":{"line":59,"column":33}},"loc":{"start":{"line":60,"column":10},"end":{"line":78,"column":17}},"line":60},"6":{"name":"(anonymous_6)","decl":{"start":{"line":63,"column":21},"end":{"line":63,"column":22}},"loc":{"start":{"line":63,"column":27},"end":{"line":63,"column":57}},"line":63},"7":{"name":"(anonymous_7)","decl":{"start":{"line":74,"column":48},"end":{"line":74,"column":49}},"loc":{"start":{"line":74,"column":54},"end":{"line":74,"column":84}},"line":74}},"branchMap":{"0":{"loc":{"start":{"line":16,"column":26},"end":{"line":17,"column":77}},"type":"binary-expr","locations":[{"start":{"line":16,"column":26},"end":{"line":16,"column":90}},{"start":{"line":17,"column":6},"end":{"line":17,"column":77}}],"line":16},"1":{"loc":{"start":{"line":18,"column":28},"end":{"line":18,"column":87}},"type":"binary-expr","locations":[{"start":{"line":18,"column":28},"end":{"line":18,"column":45}},{"start":{"line":18,"column":49},"end":{"line":18,"column":87}}],"line":18},"2":{"loc":{"start":{"line":19,"column":11},"end":{"line":19,"column":43}},"type":"binary-expr","locations":[{"start":{"line":19,"column":11},"end":{"line":19,"column":24}},{"start":{"line":19,"column":28},"end":{"line":19,"column":43}}],"line":19},"3":{"loc":{"start":{"line":24,"column":4},"end":{"line":27,"column":5}},"type":"if","locations":[{"start":{"line":24,"column":4},"end":{"line":27,"column":5}},{"start":{},"end":{}}],"line":24},"4":{"loc":{"start":{"line":29,"column":4},"end":{"line":31,"column":5}},"type":"if","locations":[{"start":{"line":29,"column":4},"end":{"line":31,"column":5}},{"start":{},"end":{}}],"line":29},"5":{"loc":{"start":{"line":49,"column":49},"end":{"line":49,"column":96}},"type":"cond-expr","locations":[{"start":{"line":49,"column":81},"end":{"line":49,"column":85}},{"start":{"line":49,"column":88},"end":{"line":49,"column":96}}],"line":49},"6":{"loc":{"start":{"line":71,"column":19},"end":{"line":71,"column":72}},"type":"binary-expr","locations":[{"start":{"line":71,"column":19},"end":{"line":71,"column":32}},{"start":{"line":71,"column":36},"end":{"line":71,"column":72}}],"line":71}},"s":{"0":0,"1":0,"2":0,"3":0,"4":0,"5":0,"6":0,"7":0,"8":0,"9":0,"10":0,"11":0,"12":0,"13":0,"14":0,"15":0,"16":0,"17":0,"18":0,"19":0,"20":0,"21":0,"22":0},"f":{"0":0,"1":0,"2":0,"3":0,"4":0,"5":0,"6":0,"7":0},"b":{"0":[0,0],"1":[0,0],"2":[0,0],"3":[0,0],"4":[0,0],"5":[0,0],"6":[0,0]}}
,"/home/suraj/Documents/study_material/web dev/Atlan/weekendly1/StickerSmash/app/index.tsx": {"path":"/home/suraj/Documents/study_material/web dev/Atlan/weekendly1/StickerSmash/app/index.tsx","statementMap":{"0":{"start":{"line":12,"column":38},"end":{"line":12,"column":71}},"1":{"start":{"line":13,"column":40},"end":{"line":16,"column":4}},"2":{"start":{"line":18,"column":25},"end":{"line":27,"column":3}},"3":{"start":{"line":19,"column":18},"end":{"line":19,"column":28}},"4":{"start":{"line":20,"column":21},"end":{"line":20,"column":36}},"5":{"start":{"line":21,"column":4},"end":{"line":21,"column":71}},"6":{"start":{"line":23,"column":19},"end":{"line":23,"column":37}},"7":{"start":{"line":24,"column":4},"end":{"line":24,"column":43}},"8":{"start":{"line":26,"column":4},"end":{"line":26,"column":53}},"9":{"start":{"line":29,"column":2},"end":{"line":34,"column":4}},"10":{"start":{"line":31,"column":6},"end":{"line":31,"column":18}},"11":{"start":{"line":32,"column":6},"end":{"line":32,"column":23}},"12":{"start":{"line":36,"column":20},"end":{"line":39,"column":3}},"13":{"start":{"line":37,"column":18},"end":{"line":37,"column":34}},"14":{"start":{"line":38,"column":4},"end":{"line":38,"column":25}},"15":{"start":{"line":41,"column":2},"end":{"line":135,"column":4}},"16":{"start":{"line":109,"column":12},"end":{"line":130,"column":19}},"17":{"start":{"line":123,"column":20},"end":{"line":123,"column":46}},"18":{"start":{"line":124,"column":20},"end":{"line":124,"column":32}},"19":{"start":{"line":138,"column":15},"end":{"line":172,"column":2}}},"fnMap":{"0":{"name":"Index","decl":{"start":{"line":11,"column":24},"end":{"line":11,"column":29}},"loc":{"start":{"line":11,"column":32},"end":{"line":136,"column":1}},"line":11},"1":{"name":"(anonymous_1)","decl":{"start":{"line":18,"column":25},"end":{"line":18,"column":26}},"loc":{"start":{"line":18,"column":31},"end":{"line":27,"column":3}},"line":18},"2":{"name":"(anonymous_2)","decl":{"start":{"line":30,"column":22},"end":{"line":30,"column":23}},"loc":{"start":{"line":30,"column":28},"end":{"line":33,"column":5}},"line":30},"3":{"name":"(anonymous_3)","decl":{"start":{"line":36,"column":20},"end":{"line":36,"column":21}},"loc":{"start":{"line":36,"column":32},"end":{"line":39,"column":3}},"line":36},"4":{"name":"(anonymous_4)","decl":{"start":{"line":108,"column":26},"end":{"line":108,"column":27}},"loc":{"start":{"line":109,"column":12},"end":{"line":130,"column":19}},"line":109},"5":{"name":"(anonymous_5)","decl":{"start":{"line":122,"column":27},"end":{"line":122,"column":28}},"loc":{"start":{"line":122,"column":39},"end":{"line":125,"column":19}},"line":122}},"branchMap":{"0":{"loc":{"start":{"line":105,"column":7},"end":{"line":133,"column":7}},"type":"binary-expr","locations":[{"start":{"line":105,"column":7},"end":{"line":105,"column":28}},{"start":{"line":106,"column":8},"end":{"line":132,"column":15}}],"line":105}},"s":{"0":0,"1":0,"2":0,"3":0,"4":0,"5":0,"6":0,"7":0,"8":0,"9":0,"10":0,"11":0,"12":0,"13":0,"14":0,"15":0,"16":0,"17":0,"18":0,"19":0},"f":{"0":0,"1":0,"2":0,"3":0,"4":0,"5":0},"b":{"0":[0,0]}}
,"/home/suraj/Documents/study_material/web dev/Atlan/weekendly1/StickerSmash/app/weekend-plan.tsx": {"path":"/home/suraj/Documents/study_material/web dev/Atlan/weekendly1/StickerSmash/app/weekend-plan.tsx","statementMap":{"0":{"start":{"line":13,"column":82},"end":{"line":13,"column":104}},"1":{"start":{"line":14,"column":17},"end":{"line":14,"column":28}},"2":{"start":{"line":15,"column":56},"end":{"line":15,"column":77}},"3":{"start":{"line":16,"column":52},"end":{"line":16,"column":73}},"4":{"start":{"line":17,"column":26},"end":{"line":46,"column":4}},"5":{"start":{"line":18,"column":18},"end":{"line":18,"column":28}},"6":{"start":{"line":19,"column":21},"end":{"line":19,"column":36}},"7":{"start":{"line":20,"column":4},"end":{"line":20,"column":71}},"8":{"start":{"line":22,"column":19},"end":{"line":22,"column":37}},"9":{"start":{"line":23,"column":4},"end":{"line":23,"column":43}},"10":{"start":{"line":25,"column":4},"end":{"line":45,"column":6}},"11":{"start":{"line":49,"column":2},"end":{"line":53,"column":15}},"12":{"start":{"line":50,"column":4},"end":{"line":52,"column":5}},"13":{"start":{"line":51,"column":6},"end":{"line":51,"column":25}},"14":{"start":{"line":55,"column":27},"end":{"line":61,"column":3}},"15":{"start":{"line":56,"column":18},"end":{"line":56,"column":34}},"16":{"start":{"line":57,"column":25},"end":{"line":57,"column":59}},"17":{"start":{"line":57,"column":43},"end":{"line":57,"column":58}},"18":{"start":{"line":58,"column":4},"end":{"line":60,"column":5}},"19":{"start":{"line":59,"column":6},"end":{"line":59,"column":28}},"20":{"start":{"line":63,"column":50},"end":{"line":63,"column":75}},"21":{"start":{"line":65,"column":38},"end":{"line":94,"column":56}},"22":{"start":{"line":66,"column":4},"end":{"line":66,"column":72}},"23":{"start":{"line":66,"column":65},"end":{"line":66,"column":72}},"24":{"start":{"line":68,"column":22},"end":{"line":68,"column":46}},"25":{"start":{"line":69,"column":4},"end":{"line":69,"column":35}},"26":{"start":{"line":71,"column":20},"end":{"line":71,"column":42}},"27":{"start":{"line":72,"column":4},"end":{"line":72,"column":38}},"28":{"start":{"line":74,"column":28},"end":{"line":74,"column":30}},"29":{"start":{"line":75,"column":22},"end":{"line":75,"column":41}},"30":{"start":{"line":77,"column":4},"end":{"line":87,"column":37}},"31":{"start":{"line":78,"column":26},"end":{"line":80,"column":7}},"32":{"start":{"line":79,"column":13},"end":{"line":79,"column":75}},"33":{"start":{"line":82,"column":6},"end":{"line":85,"column":9}},"34":{"start":{"line":86,"column":6},"end":{"line":86,"column":53}},"35":{"start":{"line":89,"column":4},"end":{"line":93,"column":8}},"36":{"start":{"line":89,"column":21},"end":{"line":93,"column":5}},"37":{"start":{"line":92,"column":34},"end":{"line":92,"column":86}},"38":{"start":{"line":96,"column":2},"end":{"line":130,"column":57}},"39":{"start":{"line":97,"column":4},"end":{"line":129,"column":5}},"40":{"start":{"line":98,"column":6},"end":{"line":98,"column":34}},"41":{"start":{"line":100,"column":33},"end":{"line":103,"column":18}},"42":{"start":{"line":105,"column":20},"end":{"line":105,"column":30}},"43":{"start":{"line":106,"column":23},"end":{"line":106,"column":38}},"44":{"start":{"line":107,"column":6},"end":{"line":107,"column":73}},"45":{"start":{"line":109,"column":21},"end":{"line":109,"column":39}},"46":{"start":{"line":110,"column":6},"end":{"line":110,"column":45}},"47":{"start":{"line":112,"column":22},"end":{"line":121,"column":7}},"48":{"start":{"line":123,"column":6},"end":{"line":128,"column":10}},"49":{"start":{"line":123,"column":23},"end":{"line":128,"column":7}},"50":{"start":{"line":127,"column":39},"end":{"line":127,"column":64}},"51":{"start":{"line":132,"column":2},"end":{"line":167,"column":4}},"52":{"start":{"line":134,"column":39},"end":{"line":163,"column":7}},"53":{"start":{"line":135,"column":8},"end":{"line":135,"column":57}},"54":{"start":{"line":136,"column":37},"end":{"line":136,"column":72}},"55":{"start":{"line":137,"column":8},"end":{"line":137,"column":69}},"56":{"start":{"line":138,"column":8},"end":{"line":162,"column":9}},"57":{"start":{"line":139,"column":41},"end":{"line":139,"column":61}},"58":{"start":{"line":140,"column":10},"end":{"line":161,"column":11}},"59":{"start":{"line":141,"column":12},"end":{"line":141,"column":61}},"60":{"start":{"line":142,"column":12},"end":{"line":160,"column":15}},"61":{"start":{"line":143,"column":34},"end":{"line":147,"column":15}},"62":{"start":{"line":144,"column":16},"end":{"line":146,"column":23}},"63":{"start":{"line":150,"column":40},"end":{"line":152,"column":15}},"64":{"start":{"line":151,"column":16},"end":{"line":151,"column":68}},"65":{"start":{"line":154,"column":14},"end":{"line":159,"column":16}},"66":{"start":{"line":165,"column":6},"end":{"line":165,"column":33}},"67":{"start":{"line":169,"column":28},"end":{"line":176,"column":3}},"68":{"start":{"line":170,"column":4},"end":{"line":170,"column":34}},"69":{"start":{"line":171,"column":4},"end":{"line":171,"column":42}},"70":{"start":{"line":172,"column":4},"end":{"line":175,"column":7}},"71":{"start":{"line":178,"column":21},"end":{"line":181,"column":3}},"72":{"start":{"line":179,"column":4},"end":{"line":179,"column":25}},"73":{"start":{"line":180,"column":4},"end":{"line":180,"column":21}},"74":{"start":{"line":183,"column":31},"end":{"line":203,"column":3}},"75":{"start":{"line":184,"column":4},"end":{"line":202,"column":7}},"76":{"start":{"line":185,"column":26},"end":{"line":189,"column":7}},"77":{"start":{"line":186,"column":8},"end":{"line":188,"column":15}},"78":{"start":{"line":187,"column":61},"end":{"line":187,"column":80}},"79":{"start":{"line":192,"column":32},"end":{"line":194,"column":7}},"80":{"start":{"line":193,"column":8},"end":{"line":193,"column":60}},"81":{"start":{"line":196,"column":6},"end":{"line":201,"column":8}},"82":{"start":{"line":205,"column":29},"end":{"line":243,"column":3}},"83":{"start":{"line":206,"column":4},"end":{"line":242,"column":7}},"84":{"start":{"line":207,"column":22},"end":{"line":207,"column":48}},"85":{"start":{"line":208,"column":20},"end":{"line":208,"column":44}},"86":{"start":{"line":209,"column":23},"end":{"line":209,"column":72}},"87":{"start":{"line":209,"column":52},"end":{"line":209,"column":71}},"88":{"start":{"line":211,"column":6},"end":{"line":211,"column":36}},"89":{"start":{"line":211,"column":21},"end":{"line":211,"column":36}},"90":{"start":{"line":213,"column":26},"end":{"line":213,"column":43}},"91":{"start":{"line":215,"column":6},"end":{"line":218,"column":8}},"92":{"start":{"line":217,"column":51},"end":{"line":217,"column":70}},"93":{"start":{"line":220,"column":6},"end":{"line":229,"column":7}},"94":{"start":{"line":221,"column":27},"end":{"line":221,"column":66}},"95":{"start":{"line":222,"column":8},"end":{"line":222,"column":49}},"96":{"start":{"line":223,"column":8},"end":{"line":223,"column":59}},"97":{"start":{"line":225,"column":8},"end":{"line":228,"column":10}},"98":{"start":{"line":232,"column":32},"end":{"line":234,"column":7}},"99":{"start":{"line":233,"column":8},"end":{"line":233,"column":60}},"100":{"start":{"line":236,"column":6},"end":{"line":241,"column":8}},"101":{"start":{"line":245,"column":2},"end":{"line":334,"column":4}},"102":{"start":{"line":253,"column":36},"end":{"line":253,"column":78}},"103":{"start":{"line":253,"column":53},"end":{"line":253,"column":76}},"104":{"start":{"line":260,"column":40},"end":{"line":263,"column":17}},"105":{"start":{"line":260,"column":57},"end":{"line":263,"column":15}},"106":{"start":{"line":270,"column":31},"end":{"line":270,"column":59}},"107":{"start":{"line":277,"column":31},"end":{"line":277,"column":57}},"108":{"start":{"line":294,"column":12},"end":{"line":297,"column":13}},"109":{"start":{"line":295,"column":14},"end":{"line":295,"column":44}},"110":{"start":{"line":296,"column":14},"end":{"line":296,"column":42}},"111":{"start":{"line":298,"column":12},"end":{"line":303,"column":13}},"112":{"start":{"line":299,"column":14},"end":{"line":302,"column":18}},"113":{"start":{"line":299,"column":31},"end":{"line":302,"column":15}},"114":{"start":{"line":309,"column":8},"end":{"line":327,"column":15}},"115":{"start":{"line":312,"column":30},"end":{"line":312,"column":75}},"116":{"start":{"line":313,"column":12},"end":{"line":322,"column":14}},"117":{"start":{"line":319,"column":32},"end":{"line":319,"column":75}},"118":{"start":{"line":320,"column":38},"end":{"line":320,"column":99}},"119":{"start":{"line":324,"column":49},"end":{"line":324,"column":76}},"120":{"start":{"line":337,"column":15},"end":{"line":370,"column":2}}},"fnMap":{"0":{"name":"WeekendPlanScreen","decl":{"start":{"line":12,"column":24},"end":{"line":12,"column":41}},"loc":{"start":{"line":12,"column":44},"end":{"line":335,"column":1}},"line":12},"1":{"name":"(anonymous_1)","decl":{"start":{"line":17,"column":54},"end":{"line":17,"column":55}},"loc":{"start":{"line":17,"column":60},"end":{"line":46,"column":3}},"line":17},"2":{"name":"(anonymous_2)","decl":{"start":{"line":49,"column":18},"end":{"line":49,"column":19}},"loc":{"start":{"line":49,"column":24},"end":{"line":53,"column":3}},"line":49},"3":{"name":"(anonymous_3)","decl":{"start":{"line":55,"column":27},"end":{"line":55,"column":28}},"loc":{"start":{"line":55,"column":39},"end":{"line":61,"column":3}},"line":55},"4":{"name":"(anonymous_4)","decl":{"start":{"line":57,"column":36},"end":{"line":57,"column":37}},"loc":{"start":{"line":57,"column":43},"end":{"line":57,"column":58}},"line":57},"5":{"name":"(anonymous_5)","decl":{"start":{"line":65,"column":56},"end":{"line":65,"column":57}},"loc":{"start":{"line":65,"column":62},"end":{"line":94,"column":3}},"line":65},"6":{"name":"(anonymous_6)","decl":{"start":{"line":79,"column":8},"end":{"line":79,"column":9}},"loc":{"start":{"line":79,"column":13},"end":{"line":79,"column":75}},"line":79},"7":{"name":"(anonymous_7)","decl":{"start":{"line":89,"column":12},"end":{"line":89,"column":13}},"loc":{"start":{"line":89,"column":21},"end":{"line":93,"column":5}},"line":89},"8":{"name":"(anonymous_8)","decl":{"start":{"line":92,"column":27},"end":{"line":92,"column":28}},"loc":{"start":{"line":92,"column":34},"end":{"line":92,"column":86}},"line":92},"9":{"name":"(anonymous_9)","decl":{"start":{"line":96,"column":18},"end":{"line":96,"column":19}},"loc":{"start":{"line":96,"column":24},"end":{"line":130,"column":3}},"line":96},"10":{"name":"(anonymous_10)","decl":{"start":{"line":123,"column":14},"end":{"line":123,"column":15}},"loc":{"start":{"line":123,"column":23},"end":{"line":128,"column":7}},"line":123},"11":{"name":"(anonymous_11)","decl":{"start":{"line":127,"column":32},"end":{"line":127,"column":33}},"loc":{"start":{"line":127,"column":39},"end":{"line":127,"column":64}},"line":127},"12":{"name":"(anonymous_12)","decl":{"start":{"line":133,"column":22},"end":{"line":133,"column":23}},"loc":{"start":{"line":133,"column":28},"end":{"line":166,"column":5}},"line":133},"13":{"name":"(anonymous_13)","decl":{"start":{"line":134,"column":39},"end":{"line":134,"column":40}},"loc":{"start":{"line":134,"column":51},"end":{"line":163,"column":7}},"line":134},"14":{"name":"(anonymous_14)","decl":{"start":{"line":142,"column":20},"end":{"line":142,"column":21}},"loc":{"start":{"line":142,"column":33},"end":{"line":160,"column":13}},"line":142},"15":{"name":"(anonymous_15)","decl":{"start":{"line":143,"column":51},"end":{"line":143,"column":52}},"loc":{"start":{"line":144,"column":16},"end":{"line":146,"column":23}},"line":144},"16":{"name":"(anonymous_16)","decl":{"start":{"line":150,"column":56},"end":{"line":150,"column":57}},"loc":{"start":{"line":151,"column":16},"end":{"line":151,"column":68}},"line":151},"17":{"name":"(anonymous_17)","decl":{"start":{"line":169,"column":28},"end":{"line":169,"column":29}},"loc":{"start":{"line":169,"column":56},"end":{"line":176,"column":3}},"line":169},"18":{"name":"(anonymous_18)","decl":{"start":{"line":178,"column":21},"end":{"line":178,"column":22}},"loc":{"start":{"line":178,"column":33},"end":{"line":181,"column":3}},"line":178},"19":{"name":"(anonymous_19)","decl":{"start":{"line":183,"column":31},"end":{"line":183,"column":32}},"loc":{"start":{"line":183,"column":73},"end":{"line":203,"column":3}},"line":183},"20":{"name":"(anonymous_20)","decl":{"start":{"line":184,"column":12},"end":{"line":184,"column":13}},"loc":{"start":{"line":184,"column":25},"end":{"line":202,"column":5}},"line":184},"21":{"name":"(anonymous_21)","decl":{"start":{"line":185,"column":43},"end":{"line":185,"column":44}},"loc":{"start":{"line":186,"column":8},"end":{"line":188,"column":15}},"line":186},"22":{"name":"(anonymous_22)","decl":{"start":{"line":187,"column":56},"end":{"line":187,"column":57}},"loc":{"start":{"line":187,"column":61},"end":{"line":187,"column":80}},"line":187},"23":{"name":"(anonymous_23)","decl":{"start":{"line":192,"column":48},"end":{"line":192,"column":49}},"loc":{"start":{"line":193,"column":8},"end":{"line":193,"column":60}},"line":193},"24":{"name":"(anonymous_24)","decl":{"start":{"line":205,"column":29},"end":{"line":205,"column":30}},"loc":{"start":{"line":205,"column":114},"end":{"line":243,"column":3}},"line":205},"25":{"name":"(anonymous_25)","decl":{"start":{"line":206,"column":12},"end":{"line":206,"column":13}},"loc":{"start":{"line":206,"column":25},"end":{"line":242,"column":5}},"line":206},"26":{"name":"(anonymous_26)","decl":{"start":{"line":209,"column":47},"end":{"line":209,"column":48}},"loc":{"start":{"line":209,"column":52},"end":{"line":209,"column":71}},"line":209},"27":{"name":"(anonymous_27)","decl":{"start":{"line":217,"column":46},"end":{"line":217,"column":47}},"loc":{"start":{"line":217,"column":51},"end":{"line":217,"column":70}},"line":217},"28":{"name":"(anonymous_28)","decl":{"start":{"line":232,"column":48},"end":{"line":232,"column":49}},"loc":{"start":{"line":233,"column":8},"end":{"line":233,"column":60}},"line":233},"29":{"name":"(anonymous_29)","decl":{"start":{"line":253,"column":26},"end":{"line":253,"column":27}},"loc":{"start":{"line":253,"column":36},"end":{"line":253,"column":78}},"line":253},"30":{"name":"(anonymous_30)","decl":{"start":{"line":253,"column":44},"end":{"line":253,"column":45}},"loc":{"start":{"line":253,"column":53},"end":{"line":253,"column":76}},"line":253},"31":{"name":"(anonymous_31)","decl":{"start":{"line":260,"column":29},"end":{"line":260,"column":30}},"loc":{"start":{"line":260,"column":40},"end":{"line":263,"column":17}},"line":260},"32":{"name":"(anonymous_32)","decl":{"start":{"line":260,"column":48},"end":{"line":260,"column":49}},"loc":{"start":{"line":260,"column":57},"end":{"line":263,"column":15}},"line":260},"33":{"name":"(anonymous_33)","decl":{"start":{"line":270,"column":25},"end":{"line":270,"column":26}},"loc":{"start":{"line":270,"column":31},"end":{"line":270,"column":59}},"line":270},"34":{"name":"(anonymous_34)","decl":{"start":{"line":277,"column":25},"end":{"line":277,"column":26}},"loc":{"start":{"line":277,"column":31},"end":{"line":277,"column":57}},"line":277},"35":{"name":"(anonymous_35)","decl":{"start":{"line":293,"column":20},"end":{"line":293,"column":21}},"loc":{"start":{"line":293,"column":45},"end":{"line":304,"column":11}},"line":293},"36":{"name":"(anonymous_36)","decl":{"start":{"line":299,"column":22},"end":{"line":299,"column":23}},"loc":{"start":{"line":299,"column":31},"end":{"line":302,"column":15}},"line":299},"37":{"name":"(anonymous_37)","decl":{"start":{"line":308,"column":21},"end":{"line":308,"column":22}},"loc":{"start":{"line":309,"column":8},"end":{"line":327,"column":15}},"line":309},"38":{"name":"(anonymous_38)","decl":{"start":{"line":311,"column":30},"end":{"line":311,"column":31}},"loc":{"start":{"line":311,"column":77},"end":{"line":323,"column":11}},"line":311},"39":{"name":"(anonymous_39)","decl":{"start":{"line":319,"column":26},"end":{"line":319,"column":27}},"loc":{"start":{"line":319,"column":32},"end":{"line":319,"column":75}},"line":319},"40":{"name":"(anonymous_40)","decl":{"start":{"line":320,"column":24},"end":{"line":320,"column":25}},"loc":{"start":{"line":320,"column":38},"end":{"line":320,"column":99}},"line":320},"41":{"name":"(anonymous_41)","decl":{"start":{"line":324,"column":43},"end":{"line":324,"column":44}},"loc":{"start":{"line":324,"column":49},"end":{"line":324,"column":76}},"line":324}},"branchMap":{"0":{"loc":{"start":{"line":26,"column":10},"end":{"line":26,"column":53}},"type":"binary-expr","locations":[{"start":{"line":26,"column":10},"end":{"line":26,"column":28}},{"start":{"line":26,"column":32},"end":{"line":26,"column":53}}],"line":26},"1":{"loc":{"start":{"line":43,"column":17},"end":{"line":43,"column":71}},"type":"binary-expr","locations":[{"start":{"line":43,"column":17},"end":{"line":43,"column":45}},{"start":{"line":43,"column":49},"end":{"line":43,"column":71}}],"line":43},"2":{"loc":{"start":{"line":44,"column":15},"end":{"line":44,"column":65}},"type":"binary-expr","locations":[{"start":{"line":44,"column":15},"end":{"line":44,"column":41}},{"start":{"line":44,"column":45},"end":{"line":44,"column":65}}],"line":44},"3":{"loc":{"start":{"line":50,"column":4},"end":{"line":52,"column":5}},"type":"if","locations":[{"start":{"line":50,"column":4},"end":{"line":52,"column":5}},{"start":{},"end":{}}],"line":50},"4":{"loc":{"start":{"line":58,"column":4},"end":{"line":60,"column":5}},"type":"if","locations":[{"start":{"line":58,"column":4},"end":{"line":60,"column":5}},{"start":{},"end":{}}],"line":58},"5":{"loc":{"start":{"line":66,"column":4},"end":{"line":66,"column":72}},"type":"if","locations":[{"start":{"line":66,"column":4},"end":{"line":66,"column":72}},{"start":{},"end":{}}],"line":66},"6":{"loc":{"start":{"line":66,"column":8},"end":{"line":66,"column":63}},"type":"binary-expr","locations":[{"start":{"line":66,"column":8},"end":{"line":66,"column":27}},{"start":{"line":66,"column":31},"end":{"line":66,"column":46}},{"start":{"line":66,"column":50},"end":{"line":66,"column":63}}],"line":66},"7":{"loc":{"start":{"line":84,"column":20},"end":{"line":84,"column":49}},"type":"binary-expr","locations":[{"start":{"line":84,"column":20},"end":{"line":84,"column":43}},{"start":{"line":84,"column":47},"end":{"line":84,"column":49}}],"line":84},"8":{"loc":{"start":{"line":92,"column":34},"end":{"line":92,"column":86}},"type":"cond-expr","locations":[{"start":{"line":92,"column":62},"end":{"line":92,"column":79}},{"start":{"line":92,"column":82},"end":{"line":92,"column":86}}],"line":92},"9":{"loc":{"start":{"line":97,"column":4},"end":{"line":129,"column":5}},"type":"if","locations":[{"start":{"line":97,"column":4},"end":{"line":129,"column":5}},{"start":{"line":99,"column":11},"end":{"line":129,"column":5}}],"line":97},"10":{"loc":{"start":{"line":100,"column":33},"end":{"line":103,"column":18}},"type":"cond-expr","locations":[{"start":{"line":100,"column":57},"end":{"line":103,"column":7}},{"start":{"line":103,"column":10},"end":{"line":103,"column":18}}],"line":100},"11":{"loc":{"start":{"line":101,"column":8},"end":{"line":101,"column":38}},"type":"binary-expr","locations":[{"start":{"line":101,"column":8},"end":{"line":101,"column":32}},{"start":{"line":101,"column":36},"end":{"line":101,"column":38}}],"line":101},"12":{"loc":{"start":{"line":102,"column":8},"end":{"line":102,"column":38}},"type":"binary-expr","locations":[{"start":{"line":102,"column":8},"end":{"line":102,"column":32}},{"start":{"line":102,"column":36},"end":{"line":102,"column":38}}],"line":102},"13":{"loc":{"start":{"line":127,"column":39},"end":{"line":127,"column":64}},"type":"binary-expr","locations":[{"start":{"line":127,"column":39},"end":{"line":127,"column":56}},{"start":{"line":127,"column":60},"end":{"line":127,"column":64}}],"line":127},"14":{"loc":{"start":{"line":138,"column":8},"end":{"line":162,"column":9}},"type":"if","locations":[{"start":{"line":138,"column":8},"end":{"line":162,"column":9}},{"start":{},"end":{}}],"line":138},"15":{"loc":{"start":{"line":140,"column":10},"end":{"line":161,"column":11}},"type":"if","locations":[{"start":{"line":140,"column":10},"end":{"line":161,"column":11}},{"start":{},"end":{}}],"line":140},"16":{"loc":{"start":{"line":140,"column":14},"end":{"line":140,"column":58}},"type":"binary-expr","locations":[{"start":{"line":140,"column":14},"end":{"line":140,"column":27}},{"start":{"line":140,"column":31},"end":{"line":140,"column":58}}],"line":140},"17":{"loc":{"start":{"line":144,"column":16},"end":{"line":146,"column":23}},"type":"cond-expr","locations":[{"start":{"line":145,"column":20},"end":{"line":145,"column":73}},{"start":{"line":146,"column":20},"end":{"line":146,"column":23}}],"line":144},"18":{"loc":{"start":{"line":151,"column":16},"end":{"line":151,"column":68}},"type":"cond-expr","locations":[{"start":{"line":151,"column":44},"end":{"line":151,"column":61}},{"start":{"line":151,"column":64},"end":{"line":151,"column":68}}],"line":151},"19":{"loc":{"start":{"line":186,"column":8},"end":{"line":188,"column":15}},"type":"cond-expr","locations":[{"start":{"line":187,"column":12},"end":{"line":187,"column":83}},{"start":{"line":188,"column":12},"end":{"line":188,"column":15}}],"line":186},"20":{"loc":{"start":{"line":193,"column":8},"end":{"line":193,"column":60}},"type":"cond-expr","locations":[{"start":{"line":193,"column":36},"end":{"line":193,"column":53}},{"start":{"line":193,"column":56},"end":{"line":193,"column":60}}],"line":193},"21":{"loc":{"start":{"line":211,"column":6},"end":{"line":211,"column":36}},"type":"if","locations":[{"start":{"line":211,"column":6},"end":{"line":211,"column":36}},{"start":{},"end":{}}],"line":211},"22":{"loc":{"start":{"line":220,"column":6},"end":{"line":229,"column":7}},"type":"if","locations":[{"start":{"line":220,"column":6},"end":{"line":229,"column":7}},{"start":{"line":224,"column":13},"end":{"line":229,"column":7}}],"line":220},"23":{"loc":{"start":{"line":220,"column":10},"end":{"line":220,"column":69}},"type":"binary-expr","locations":[{"start":{"line":220,"column":10},"end":{"line":220,"column":37}},{"start":{"line":220,"column":41},"end":{"line":220,"column":69}}],"line":220},"24":{"loc":{"start":{"line":233,"column":8},"end":{"line":233,"column":60}},"type":"cond-expr","locations":[{"start":{"line":233,"column":36},"end":{"line":233,"column":53}},{"start":{"line":233,"column":56},"end":{"line":233,"column":60}}],"line":233},"25":{"loc":{"start":{"line":266,"column":11},"end":{"line":283,"column":11}},"type":"binary-expr","locations":[{"start":{"line":266,"column":11},"end":{"line":266,"column":29}},{"start":{"line":267,"column":12},"end":{"line":282,"column":19}}],"line":266},"26":{"loc":{"start":{"line":287,"column":7},"end":{"line":306,"column":7}},"type":"binary-expr","locations":[{"start":{"line":287,"column":8},"end":{"line":287,"column":27}},{"start":{"line":287,"column":31},"end":{"line":287,"column":48}},{"start":{"line":288,"column":8},"end":{"line":305,"column":10}}],"line":287},"27":{"loc":{"start":{"line":290,"column":26},"end":{"line":290,"column":77}},"type":"cond-expr","locations":[{"start":{"line":290,"column":48},"end":{"line":290,"column":62}},{"start":{"line":290,"column":65},"end":{"line":290,"column":77}}],"line":290},"28":{"loc":{"start":{"line":294,"column":12},"end":{"line":297,"column":13}},"type":"if","locations":[{"start":{"line":294,"column":12},"end":{"line":297,"column":13}},{"start":{},"end":{}}],"line":294},"29":{"loc":{"start":{"line":298,"column":12},"end":{"line":303,"column":13}},"type":"if","locations":[{"start":{"line":298,"column":12},"end":{"line":303,"column":13}},{"start":{},"end":{}}],"line":298},"30":{"loc":{"start":{"line":301,"column":17},"end":{"line":301,"column":62}},"type":"cond-expr","locations":[{"start":{"line":301,"column":39},"end":{"line":301,"column":50}},{"start":{"line":301,"column":53},"end":{"line":301,"column":62}}],"line":301}},"s":{"0":0,"1":0,"2":0,"3":0,"4":0,"5":0,"6":0,"7":0,"8":0,"9":0,"10":0,"11":0,"12":0,"13":0,"14":0,"15":0,"16":0,"17":0,"18":0,"19":0,"20":0,"21":0,"22":0,"23":0,"24":0,"25":0,"26":0,"27":0,"28":0,"29":0,"30":0,"31":0,"32":0,"33":0,"34":0,"35":0,"36":0,"37":0,"38":0,"39":0,"40":0,"41":0,"42":0,"43":0,"44":0,"45":0,"46":0,"47":0,"48":0,"49":0,"50":0,"51":0,"52":0,"53":0,"54":0,"55":0,"56":0,"57":0,"58":0,"59":0,"60":0,"61":0,"62":0,"63":0,"64":0,"65":0,"66":0,"67":0,"68":0,"69":0,"70":0,"71":0,"72":0,"73":0,"74":0,"75":0,"76":0,"77":0,"78":0,"79":0,"80":0,"81":0,"82":0,"83":0,"84":0,"85":0,"86":0,"87":0,"88":0,"89":0,"90":0,"91":0,"92":0,"93":0,"94":0,"95":0,"96":0,"97":0,"98":0,"99":0,"100":0,"101":0,"102":0,"103":0,"104":0,"105":0,"106":0,"107":0,"108":0,"109":0,"110":0,"111":0,"112":0,"113":0,"114":0,"115":0,"116":0,"117":0,"118":0,"119":0,"120":0},"f":{"0":0,"1":0,"2":0,"3":0,"4":0,"5":0,"6":0,"7":0,"8":0,"9":0,"10":0,"11":0,"12":0,"13":0,"14":0,"15":0,"16":0,"17":0,"18":0,"19":0,"20":0,"21":0,"22":0,"23":0,"24":0,"25":0,"26":0,"27":0,"28":0,"29":0,"30":0,"31":0,"32":0,"33":0,"34":0,"35":0,"36":0,"37":0,"38":0,"39":0,"40":0,"41":0},"b":{"0":[0,0],"1":[0,0],"2":[0,0],"3":[0,0],"4":[0,0],"5":[0,0],"6":[0,0,0],"7":[0,0],"8":[0,0],"9":[0,0],"10":[0,0],"11":[0,0],"12":[0,0],"13":[0,0],"14":[0,0],"15":[0,0],"16":[0,0],"17":[0,0],"18":[0,0],"19":[0,0],"20":[0,0],"21":[0,0],"22":[0,0],"23":[0,0],"24":[0,0],"25":[0,0],"26":[0,0,0],"27":[0,0],"28":[0,0],"29":[0,0],"30":[0,0]}}
,"/home/suraj/Documents/study_material/web dev/Atlan/weekendly1/StickerSmash/app/(modals)/activity-list.tsx": {"path":"/home/suraj/Documents/study_material/web dev/Atlan/weekendly1/StickerSmash/app/(modals)/activity-list.tsx","statementMap":{"0":{"start":{"line":10,"column":40},"end":{"line":10,"column":58}},"1":{"start":{"line":11,"column":50},"end":{"line":11,"column":85}},"2":{"start":{"line":12,"column":44},"end":{"line":12,"column":90}},"3":{"start":{"line":13,"column":60},"end":{"line":13,"column":81}},"4":{"start":{"line":23,"column":40},"end":{"line":30,"column":4}},"5":{"start":{"line":31,"column":17},"end":{"line":31,"column":28}},"6":{"start":{"line":32,"column":23},"end":{"line":32,"column":67}},"7":{"start":{"line":34,"column":29},"end":{"line":40,"column":4}},"8":{"start":{"line":35,"column":26},"end":{"line":36,"column":77}},"9":{"start":{"line":37,"column":28},"end":{"line":37,"column":87}},"10":{"start":{"line":38,"column":25},"end":{"line":38,"column":75}},"11":{"start":{"line":39,"column":4},"end":{"line":39,"column":60}},"12":{"start":{"line":42,"column":31},"end":{"line":54,"column":3}},"13":{"start":{"line":43,"column":4},"end":{"line":53,"column":5}},"14":{"start":{"line":44,"column":6},"end":{"line":49,"column":7}},"15":{"start":{"line":45,"column":8},"end":{"line":45,"column":59}},"16":{"start":{"line":46,"column":8},"end":{"line":46,"column":70}},"17":{"start":{"line":48,"column":8},"end":{"line":48,"column":47}},"18":{"start":{"line":50,"column":6},"end":{"line":50,"column":20}},"19":{"start":{"line":52,"column":6},"end":{"line":52,"column":56}},"20":{"start":{"line":56,"column":2},"end":{"line":302,"column":4}},"21":{"start":{"line":73,"column":31},"end":{"line":73,"column":89}},"22":{"start":{"line":85,"column":31},"end":{"line":85,"column":99}},"23":{"start":{"line":97,"column":31},"end":{"line":97,"column":93}},"24":{"start":{"line":109,"column":31},"end":{"line":109,"column":97}},"25":{"start":{"line":127,"column":16},"end":{"line":134,"column":23}},"26":{"start":{"line":130,"column":33},"end":{"line":130,"column":101}},"27":{"start":{"line":143,"column":10},"end":{"line":175,"column":17}},"28":{"start":{"line":146,"column":27},"end":{"line":146,"column":57}},"29":{"start":{"line":171,"column":54},"end":{"line":171,"column":84}},"30":{"start":{"line":180,"column":65},"end":{"line":180,"column":96}},"31":{"start":{"line":186,"column":38},"end":{"line":186,"column":88}},"32":{"start":{"line":186,"column":62},"end":{"line":186,"column":86}},"33":{"start":{"line":192,"column":38},"end":{"line":192,"column":91}},"34":{"start":{"line":192,"column":62},"end":{"line":192,"column":89}},"35":{"start":{"line":198,"column":38},"end":{"line":198,"column":91}},"36":{"start":{"line":198,"column":62},"end":{"line":198,"column":89}},"37":{"start":{"line":205,"column":38},"end":{"line":205,"column":87}},"38":{"start":{"line":205,"column":62},"end":{"line":205,"column":85}},"39":{"start":{"line":211,"column":38},"end":{"line":211,"column":94}},"40":{"start":{"line":211,"column":62},"end":{"line":211,"column":92}},"41":{"start":{"line":221,"column":33},"end":{"line":221,"column":85}},"42":{"start":{"line":221,"column":57},"end":{"line":221,"column":83}},"43":{"start":{"line":232,"column":33},"end":{"line":232,"column":90}},"44":{"start":{"line":232,"column":57},"end":{"line":232,"column":88}},"45":{"start":{"line":243,"column":33},"end":{"line":243,"column":87}},"46":{"start":{"line":243,"column":57},"end":{"line":243,"column":85}},"47":{"start":{"line":254,"column":33},"end":{"line":254,"column":89}},"48":{"start":{"line":254,"column":57},"end":{"line":254,"column":87}},"49":{"start":{"line":267,"column":35},"end":{"line":267,"column":66}},"50":{"start":{"line":269,"column":41},"end":{"line":277,"column":15}},"51":{"start":{"line":278,"column":14},"end":{"line":278,"column":45}},"52":{"start":{"line":279,"column":14},"end":{"line":279,"column":46}},"53":{"start":{"line":280,"column":14},"end":{"line":287,"column":17}},"54":{"start":{"line":298,"column":23},"end":{"line":298,"column":53}},"55":{"start":{"line":305,"column":15},"end":{"line":421,"column":2}}},"fnMap":{"0":{"name":"ActivityListScreen","decl":{"start":{"line":9,"column":24},"end":{"line":9,"column":42}},"loc":{"start":{"line":9,"column":45},"end":{"line":303,"column":1}},"line":9},"1":{"name":"(anonymous_1)","decl":{"start":{"line":34,"column":53},"end":{"line":34,"column":54}},"loc":{"start":{"line":34,"column":67},"end":{"line":40,"column":3}},"line":34},"2":{"name":"(anonymous_2)","decl":{"start":{"line":42,"column":31},"end":{"line":42,"column":32}},"loc":{"start":{"line":42,"column":61},"end":{"line":54,"column":3}},"line":42},"3":{"name":"(anonymous_3)","decl":{"start":{"line":73,"column":25},"end":{"line":73,"column":26}},"loc":{"start":{"line":73,"column":31},"end":{"line":73,"column":89}},"line":73},"4":{"name":"(anonymous_4)","decl":{"start":{"line":85,"column":25},"end":{"line":85,"column":26}},"loc":{"start":{"line":85,"column":31},"end":{"line":85,"column":99}},"line":85},"5":{"name":"(anonymous_5)","decl":{"start":{"line":97,"column":25},"end":{"line":97,"column":26}},"loc":{"start":{"line":97,"column":31},"end":{"line":97,"column":93}},"line":97},"6":{"name":"(anonymous_6)","decl":{"start":{"line":109,"column":25},"end":{"line":109,"column":26}},"loc":{"start":{"line":109,"column":31},"end":{"line":109,"column":97}},"line":109},"7":{"name":"(anonymous_7)","decl":{"start":{"line":126,"column":38},"end":{"line":126,"column":39}},"loc":{"start":{"line":127,"column":16},"end":{"line":134,"column":23}},"line":127},"8":{"name":"(anonymous_8)","decl":{"start":{"line":130,"column":27},"end":{"line":130,"column":28}},"loc":{"start":{"line":130,"column":33},"end":{"line":130,"column":101}},"line":130},"9":{"name":"(anonymous_9)","decl":{"start":{"line":142,"column":32},"end":{"line":142,"column":33}},"loc":{"start":{"line":143,"column":10},"end":{"line":175,"column":17}},"line":143},"10":{"name":"(anonymous_10)","decl":{"start":{"line":146,"column":21},"end":{"line":146,"column":22}},"loc":{"start":{"line":146,"column":27},"end":{"line":146,"column":57}},"line":146},"11":{"name":"(anonymous_11)","decl":{"start":{"line":171,"column":48},"end":{"line":171,"column":49}},"loc":{"start":{"line":171,"column":54},"end":{"line":171,"column":84}},"line":171},"12":{"name":"(anonymous_12)","decl":{"start":{"line":180,"column":59},"end":{"line":180,"column":60}},"loc":{"start":{"line":180,"column":65},"end":{"line":180,"column":96}},"line":180},"13":{"name":"(anonymous_13)","decl":{"start":{"line":186,"column":28},"end":{"line":186,"column":29}},"loc":{"start":{"line":186,"column":38},"end":{"line":186,"column":88}},"line":186},"14":{"name":"(anonymous_14)","decl":{"start":{"line":186,"column":53},"end":{"line":186,"column":54}},"loc":{"start":{"line":186,"column":62},"end":{"line":186,"column":86}},"line":186},"15":{"name":"(anonymous_15)","decl":{"start":{"line":192,"column":28},"end":{"line":192,"column":29}},"loc":{"start":{"line":192,"column":38},"end":{"line":192,"column":91}},"line":192},"16":{"name":"(anonymous_16)","decl":{"start":{"line":192,"column":53},"end":{"line":192,"column":54}},"loc":{"start":{"line":192,"column":62},"end":{"line":192,"column":89}},"line":192},"17":{"name":"(anonymous_17)","decl":{"start":{"line":198,"column":28},"end":{"line":198,"column":29}},"loc":{"start":{"line":198,"column":38},"end":{"line":198,"column":91}},"line":198},"18":{"name":"(anonymous_18)","decl":{"start":{"line":198,"column":53},"end":{"line":198,"column":54}},"loc":{"start":{"line":198,"column":62},"end":{"line":198,"column":89}},"line":198},"19":{"name":"(anonymous_19)","decl":{"start":{"line":205,"column":28},"end":{"line":205,"column":29}},"loc":{"start":{"line":205,"column":38},"end":{"line":205,"column":87}},"line":205},"20":{"name":"(anonymous_20)","decl":{"start":{"line":205,"column":53},"end":{"line":205,"column":54}},"loc":{"start":{"line":205,"column":62},"end":{"line":205,"column":85}},"line":205},"21":{"name":"(anonymous_21)","decl":{"start":{"line":211,"column":28},"end":{"line":211,"column":29}},"loc":{"start":{"line":211,"column":38},"end":{"line":211,"column":94}},"line":211},"22":{"name":"(anonymous_22)","decl":{"start":{"line":211,"column":53},"end":{"line":211,"column":54}},"loc":{"start":{"line":211,"column":62},"end":{"line":211,"column":92}},"line":211},"23":{"name":"(anonymous_23)","decl":{"start":{"line":221,"column":27},"end":{"line":221,"column":28}},"loc":{"start":{"line":221,"column":33},"end":{"line":221,"column":85}},"line":221},"24":{"name":"(anonymous_24)","decl":{"start":{"line":221,"column":48},"end":{"line":221,"column":49}},"loc":{"start":{"line":221,"column":57},"end":{"line":221,"column":83}},"line":221},"25":{"name":"(anonymous_25)","decl":{"start":{"line":232,"column":27},"end":{"line":232,"column":28}},"loc":{"start":{"line":232,"column":33},"end":{"line":232,"column":90}},"line":232},"26":{"name":"(anonymous_26)","decl":{"start":{"line":232,"column":48},"end":{"line":232,"column":49}},"loc":{"start":{"line":232,"column":57},"end":{"line":232,"column":88}},"line":232},"27":{"name":"(anonymous_27)","decl":{"start":{"line":243,"column":27},"end":{"line":243,"column":28}},"loc":{"start":{"line":243,"column":33},"end":{"line":243,"column":87}},"line":243},"28":{"name":"(anonymous_28)","decl":{"start":{"line":243,"column":48},"end":{"line":243,"column":49}},"loc":{"start":{"line":243,"column":57},"end":{"line":243,"column":85}},"line":243},"29":{"name":"(anonymous_29)","decl":{"start":{"line":254,"column":27},"end":{"line":254,"column":28}},"loc":{"start":{"line":254,"column":33},"end":{"line":254,"column":89}},"line":254},"30":{"name":"(anonymous_30)","decl":{"start":{"line":254,"column":48},"end":{"line":254,"column":49}},"loc":{"start":{"line":254,"column":57},"end":{"line":254,"column":87}},"line":254},"31":{"name":"(anonymous_31)","decl":{"start":{"line":267,"column":29},"end":{"line":267,"column":30}},"loc":{"start":{"line":267,"column":35},"end":{"line":267,"column":66}},"line":267},"32":{"name":"(anonymous_32)","decl":{"start":{"line":268,"column":29},"end":{"line":268,"column":30}},"loc":{"start":{"line":268,"column":35},"end":{"line":288,"column":13}},"line":268},"33":{"name":"(anonymous_33)","decl":{"start":{"line":298,"column":17},"end":{"line":298,"column":18}},"loc":{"start":{"line":298,"column":23},"end":{"line":298,"column":53}},"line":298}},"branchMap":{"0":{"loc":{"start":{"line":35,"column":26},"end":{"line":36,"column":77}},"type":"binary-expr","locations":[{"start":{"line":35,"column":26},"end":{"line":35,"column":90}},{"start":{"line":36,"column":6},"end":{"line":36,"column":77}}],"line":35},"1":{"loc":{"start":{"line":37,"column":28},"end":{"line":37,"column":87}},"type":"binary-expr","locations":[{"start":{"line":37,"column":28},"end":{"line":37,"column":45}},{"start":{"line":37,"column":49},"end":{"line":37,"column":87}}],"line":37},"2":{"loc":{"start":{"line":38,"column":25},"end":{"line":38,"column":75}},"type":"binary-expr","locations":[{"start":{"line":38,"column":25},"end":{"line":38,"column":39}},{"start":{"line":38,"column":43},"end":{"line":38,"column":75}}],"line":38},"3":{"loc":{"start":{"line":39,"column":11},"end":{"line":39,"column":59}},"type":"binary-expr","locations":[{"start":{"line":39,"column":11},"end":{"line":39,"column":24}},{"start":{"line":39,"column":28},"end":{"line":39,"column":43}},{"start":{"line":39,"column":47},"end":{"line":39,"column":59}}],"line":39},"4":{"loc":{"start":{"line":44,"column":6},"end":{"line":49,"column":7}},"type":"if","locations":[{"start":{"line":44,"column":6},"end":{"line":49,"column":7}},{"start":{"line":47,"column":13},"end":{"line":49,"column":7}}],"line":44},"5":{"loc":{"start":{"line":73,"column":48},"end":{"line":73,"column":88}},"type":"cond-expr","locations":[{"start":{"line":73,"column":75},"end":{"line":73,"column":79}},{"start":{"line":73,"column":82},"end":{"line":73,"column":88}}],"line":73},"6":{"loc":{"start":{"line":76,"column":18},"end":{"line":76,"column":86}},"type":"cond-expr","locations":[{"start":{"line":76,"column":45},"end":{"line":76,"column":68}},{"start":{"line":76,"column":71},"end":{"line":76,"column":86}}],"line":76},"7":{"loc":{"start":{"line":85,"column":48},"end":{"line":85,"column":98}},"type":"cond-expr","locations":[{"start":{"line":85,"column":80},"end":{"line":85,"column":84}},{"start":{"line":85,"column":87},"end":{"line":85,"column":98}}],"line":85},"8":{"loc":{"start":{"line":88,"column":18},"end":{"line":88,"column":101}},"type":"cond-expr","locations":[{"start":{"line":88,"column":50},"end":{"line":88,"column":78}},{"start":{"line":88,"column":81},"end":{"line":88,"column":101}}],"line":88},"9":{"loc":{"start":{"line":97,"column":48},"end":{"line":97,"column":92}},"type":"cond-expr","locations":[{"start":{"line":97,"column":77},"end":{"line":97,"column":81}},{"start":{"line":97,"column":84},"end":{"line":97,"column":92}}],"line":97},"10":{"loc":{"start":{"line":100,"column":18},"end":{"line":100,"column":92}},"type":"cond-expr","locations":[{"start":{"line":100,"column":47},"end":{"line":100,"column":72}},{"start":{"line":100,"column":75},"end":{"line":100,"column":92}}],"line":100},"11":{"loc":{"start":{"line":109,"column":48},"end":{"line":109,"column":96}},"type":"cond-expr","locations":[{"start":{"line":109,"column":79},"end":{"line":109,"column":83}},{"start":{"line":109,"column":86},"end":{"line":109,"column":96}}],"line":109},"12":{"loc":{"start":{"line":112,"column":18},"end":{"line":112,"column":98}},"type":"cond-expr","locations":[{"start":{"line":112,"column":49},"end":{"line":112,"column":76}},{"start":{"line":112,"column":79},"end":{"line":112,"column":98}}],"line":112},"13":{"loc":{"start":{"line":130,"column":53},"end":{"line":130,"column":100}},"type":"cond-expr","locations":[{"start":{"line":130,"column":85},"end":{"line":130,"column":89}},{"start":{"line":130,"column":92},"end":{"line":130,"column":100}}],"line":130},"14":{"loc":{"start":{"line":152,"column":19},"end":{"line":165,"column":19}},"type":"binary-expr","locations":[{"start":{"line":152,"column":19},"end":{"line":152,"column":33}},{"start":{"line":153,"column":20},"end":{"line":164,"column":27}}],"line":152},"15":{"loc":{"start":{"line":157,"column":24},"end":{"line":157,"column":68}},"type":"binary-expr","locations":[{"start":{"line":157,"column":24},"end":{"line":157,"column":49}},{"start":{"line":157,"column":53},"end":{"line":157,"column":68}}],"line":157},"16":{"loc":{"start":{"line":158,"column":24},"end":{"line":158,"column":78}},"type":"binary-expr","locations":[{"start":{"line":158,"column":24},"end":{"line":158,"column":54}},{"start":{"line":158,"column":58},"end":{"line":158,"column":78}}],"line":158},"17":{"loc":{"start":{"line":159,"column":24},"end":{"line":159,"column":72}},"type":"binary-expr","locations":[{"start":{"line":159,"column":24},"end":{"line":159,"column":51}},{"start":{"line":159,"column":55},"end":{"line":159,"column":72}}],"line":159},"18":{"loc":{"start":{"line":160,"column":24},"end":{"line":160,"column":76}},"type":"binary-expr","locations":[{"start":{"line":160,"column":24},"end":{"line":160,"column":53}},{"start":{"line":160,"column":57},"end":{"line":160,"column":76}}],"line":160},"19":{"loc":{"start":{"line":168,"column":19},"end":{"line":168,"column":72}},"type":"binary-expr","locations":[{"start":{"line":168,"column":19},"end":{"line":168,"column":32}},{"start":{"line":168,"column":36},"end":{"line":168,"column":72}}],"line":168},"20":{"loc":{"start":{"line":224,"column":20},"end":{"line":224,"column":92}},"type":"cond-expr","locations":[{"start":{"line":224,"column":51},"end":{"line":224,"column":74}},{"start":{"line":224,"column":77},"end":{"line":224,"column":92}}],"line":224},"21":{"loc":{"start":{"line":235,"column":20},"end":{"line":235,"column":107}},"type":"cond-expr","locations":[{"start":{"line":235,"column":56},"end":{"line":235,"column":84}},{"start":{"line":235,"column":87},"end":{"line":235,"column":107}}],"line":235},"22":{"loc":{"start":{"line":246,"column":20},"end":{"line":246,"column":98}},"type":"cond-expr","locations":[{"start":{"line":246,"column":53},"end":{"line":246,"column":78}},{"start":{"line":246,"column":81},"end":{"line":246,"column":98}}],"line":246},"23":{"loc":{"start":{"line":257,"column":20},"end":{"line":257,"column":104}},"type":"cond-expr","locations":[{"start":{"line":257,"column":55},"end":{"line":257,"column":82}},{"start":{"line":257,"column":85},"end":{"line":257,"column":104}}],"line":257},"24":{"loc":{"start":{"line":273,"column":26},"end":{"line":273,"column":62}},"type":"binary-expr","locations":[{"start":{"line":273,"column":26},"end":{"line":273,"column":56}},{"start":{"line":273,"column":60},"end":{"line":273,"column":62}}],"line":273}},"s":{"0":0,"1":0,"2":0,"3":0,"4":0,"5":0,"6":0,"7":0,"8":0,"9":0,"10":0,"11":0,"12":0,"13":0,"14":0,"15":0,"16":0,"17":0,"18":0,"19":0,"20":0,"21":0,"22":0,"23":0,"24":0,"25":0,"26":0,"27":0,"28":0,"29":0,"30":0,"31":0,"32":0,"33":0,"34":0,"35":0,"36":0,"37":0,"38":0,"39":0,"40":0,"41":0,"42":0,"43":0,"44":0,"45":0,"46":0,"47":0,"48":0,"49":0,"50":0,"51":0,"52":0,"53":0,"54":0,"55":0},"f":{"0":0,"1":0,"2":0,"3":0,"4":0,"5":0,"6":0,"7":0,"8":0,"9":0,"10":0,"11":0,"12":0,"13":0,"14":0,"15":0,"16":0,"17":0,"18":0,"19":0,"20":0,"21":0,"22":0,"23":0,"24":0,"25":0,"26":0,"27":0,"28":0,"29":0,"30":0,"31":0,"32":0,"33":0},"b":{"0":[0,0],"1":[0,0],"2":[0,0],"3":[0,0,0],"4":[0,0],"5":[0,0],"6":[0,0],"7":[0,0],"8":[0,0],"9":[0,0],"10":[0,0],"11":[0,0],"12":[0,0],"13":[0,0],"14":[0,0],"15":[0,0],"16":[0,0],"17":[0,0],"18":[0,0],"19":[0,0],"20":[0,0],"21":[0,0],"22":[0,0],"23":[0,0],"24":[0,0]}}
,"/home/suraj/Documents/study_material/web dev/Atlan/weekendly1/StickerSmash/src/components/DraggableActivity.tsx": {"path":"/home/suraj/Documents/study_material/web dev/Atlan/weekendly1/StickerSmash/src/components/DraggableActivity.tsx","statementMap":{"0":{"start":{"line":14,"column":22},"end":{"line":14,"column":53}},"1":{"start":{"line":32,"column":33},"end":{"line":89,"column":1}},"2":{"start":{"line":33,"column":21},"end":{"line":33,"column":38}},"3":{"start":{"line":34,"column":21},"end":{"line":34,"column":38}},"4":{"start":{"line":35,"column":21},"end":{"line":35,"column":39}},"5":{"start":{"line":37,"column":18},"end":{"line":56,"column":6}},"6":{"start":{"line":39,"column":6},"end":{"line":39,"column":44}},"7":{"start":{"line":40,"column":6},"end":{"line":40,"column":44}},"8":{"start":{"line":43,"column":6},"end":{"line":52,"column":7}},"9":{"start":{"line":45,"column":26},"end":{"line":45,"column":57}},"10":{"start":{"line":46,"column":25},"end":{"line":46,"column":84}},"11":{"start":{"line":47,"column":28},"end":{"line":47,"column":97}},"12":{"start":{"line":49,"column":8},"end":{"line":51,"column":9}},"13":{"start":{"line":50,"column":10},"end":{"line":50,"column":39}},"14":{"start":{"line":54,"column":6},"end":{"line":54,"column":39}},"15":{"start":{"line":55,"column":6},"end":{"line":55,"column":39}},"16":{"start":{"line":58,"column":24},"end":{"line":65,"column":4}},"17":{"start":{"line":59,"column":4},"end":{"line":64,"column":6}},"18":{"start":{"line":67,"column":2},"end":{"line":88,"column":4}},"19":{"start":{"line":82,"column":60},"end":{"line":82,"column":68}},"20":{"start":{"line":91,"column":15},"end":{"line":114,"column":2}}},"fnMap":{"0":{"name":"(anonymous_0)","decl":{"start":{"line":32,"column":33},"end":{"line":32,"column":34}},"loc":{"start":{"line":32,"column":95},"end":{"line":89,"column":1}},"line":32},"1":{"name":"(anonymous_1)","decl":{"start":{"line":38,"column":14},"end":{"line":38,"column":15}},"loc":{"start":{"line":38,"column":25},"end":{"line":41,"column":5}},"line":38},"2":{"name":"(anonymous_2)","decl":{"start":{"line":42,"column":11},"end":{"line":42,"column":12}},"loc":{"start":{"line":42,"column":22},"end":{"line":56,"column":5}},"line":42},"3":{"name":"(anonymous_3)","decl":{"start":{"line":58,"column":41},"end":{"line":58,"column":42}},"loc":{"start":{"line":58,"column":47},"end":{"line":65,"column":3}},"line":58},"4":{"name":"(anonymous_4)","decl":{"start":{"line":82,"column":54},"end":{"line":82,"column":55}},"loc":{"start":{"line":82,"column":60},"end":{"line":82,"column":68}},"line":82}},"branchMap":{"0":{"loc":{"start":{"line":43,"column":6},"end":{"line":52,"column":7}},"type":"if","locations":[{"start":{"line":43,"column":6},"end":{"line":52,"column":7}},{"start":{},"end":{}}],"line":43},"1":{"loc":{"start":{"line":45,"column":26},"end":{"line":45,"column":57}},"type":"cond-expr","locations":[{"start":{"line":45,"column":51},"end":{"line":45,"column":52}},{"start":{"line":45,"column":55},"end":{"line":45,"column":57}}],"line":45},"2":{"loc":{"start":{"line":49,"column":8},"end":{"line":51,"column":9}},"type":"if","locations":[{"start":{"line":49,"column":8},"end":{"line":51,"column":9}},{"start":{},"end":{}}],"line":49}},"s":{"0":0,"1":0,"2":0,"3":0,"4":0,"5":0,"6":0,"7":0,"8":0,"9":0,"10":0,"11":0,"12":0,"13":0,"14":0,"15":0,"16":0,"17":0,"18":0,"19":0,"20":0},"f":{"0":0,"1":0,"2":0,"3":0,"4":0},"b":{"0":[0,0],"1":[0,0],"2":[0,0]}}
,"/home/suraj/Documents/study_material/web dev/Atlan/weekendly1/StickerSmash/src/components/ShareWeekendButton.tsx": {"path":"/home/suraj/Documents/study_material/web dev/Atlan/weekendly1/StickerSmash/src/components/ShareWeekendButton.tsx","statementMap":{"0":{"start":{"line":14,"column":18},"end":{"line":14,"column":36}},"1":{"start":{"line":16,"column":22},"end":{"line":32,"column":3}},"2":{"start":{"line":17,"column":4},"end":{"line":31,"column":5}},"3":{"start":{"line":18,"column":6},"end":{"line":18,"column":35}},"4":{"start":{"line":18,"column":28},"end":{"line":18,"column":35}},"5":{"start":{"line":20,"column":18},"end":{"line":23,"column":8}},"6":{"start":{"line":25,"column":6},"end":{"line":28,"column":9}},"7":{"start":{"line":30,"column":6},"end":{"line":30,"column":58}},"8":{"start":{"line":34,"column":2},"end":{"line":48,"column":4}}},"fnMap":{"0":{"name":"ShareWeekendButton","decl":{"start":{"line":13,"column":16},"end":{"line":13,"column":34}},"loc":{"start":{"line":13,"column":70},"end":{"line":49,"column":1}},"line":13},"1":{"name":"(anonymous_1)","decl":{"start":{"line":16,"column":22},"end":{"line":16,"column":23}},"loc":{"start":{"line":16,"column":34},"end":{"line":32,"column":3}},"line":16}},"branchMap":{"0":{"loc":{"start":{"line":18,"column":6},"end":{"line":18,"column":35}},"type":"if","locations":[{"start":{"line":18,"column":6},"end":{"line":18,"column":35}},{"start":{},"end":{}}],"line":18}},"s":{"0":0,"1":0,"2":0,"3":0,"4":0,"5":0,"6":0,"7":0,"8":0},"f":{"0":0,"1":0},"b":{"0":[0,0]}}
,"/home/suraj/Documents/study_material/web dev/Atlan/weekendly1/StickerSmash/src/components/ShareableWeekendCard.tsx": {"path":"/home/suraj/Documents/study_material/web dev/Atlan/weekendly1/StickerSmash/src/components/ShareableWeekendCard.tsx","statementMap":{"0":{"start":{"line":11,"column":2},"end":{"line":51,"column":4}},"1":{"start":{"line":19,"column":29},"end":{"line":19,"column":46}},"2":{"start":{"line":20,"column":12},"end":{"line":45,"column":14}},"3":{"start":{"line":54,"column":15},"end":{"line":138,"column":2}}},"fnMap":{"0":{"name":"ShareableWeekendCard","decl":{"start":{"line":10,"column":16},"end":{"line":10,"column":36}},"loc":{"start":{"line":10,"column":74},"end":{"line":52,"column":1}},"line":10},"1":{"name":"(anonymous_1)","decl":{"start":{"line":18,"column":25},"end":{"line":18,"column":26}},"loc":{"start":{"line":18,"column":41},"end":{"line":46,"column":11}},"line":18}},"branchMap":{"0":{"loc":{"start":{"line":24,"column":19},"end":{"line":34,"column":19}},"type":"binary-expr","locations":[{"start":{"line":24,"column":19},"end":{"line":24,"column":34}},{"start":{"line":25,"column":20},"end":{"line":33,"column":27}}],"line":24},"1":{"loc":{"start":{"line":27,"column":22},"end":{"line":27,"column":67}},"type":"binary-expr","locations":[{"start":{"line":27,"column":22},"end":{"line":27,"column":47}},{"start":{"line":27,"column":51},"end":{"line":27,"column":67}}],"line":27},"2":{"loc":{"start":{"line":28,"column":22},"end":{"line":28,"column":77}},"type":"binary-expr","locations":[{"start":{"line":28,"column":22},"end":{"line":28,"column":52}},{"start":{"line":28,"column":56},"end":{"line":28,"column":77}}],"line":28},"3":{"loc":{"start":{"line":29,"column":22},"end":{"line":29,"column":71}},"type":"binary-expr","locations":[{"start":{"line":29,"column":22},"end":{"line":29,"column":49}},{"start":{"line":29,"column":53},"end":{"line":29,"column":71}}],"line":29},"4":{"loc":{"start":{"line":30,"column":22},"end":{"line":30,"column":75}},"type":"binary-expr","locations":[{"start":{"line":30,"column":22},"end":{"line":30,"column":51}},{"start":{"line":30,"column":55},"end":{"line":30,"column":75}}],"line":30},"5":{"loc":{"start":{"line":36,"column":17},"end":{"line":43,"column":17}},"type":"cond-expr","locations":[{"start":{"line":37,"column":18},"end":{"line":40,"column":25}},{"start":{"line":42,"column":18},"end":{"line":42,"column":76}}],"line":36}},"s":{"0":0,"1":0,"2":0,"3":0},"f":{"0":0,"1":0},"b":{"0":[0,0],"1":[0,0],"2":[0,0],"3":[0,0],"4":[0,0],"5":[0,0]}}
,"/home/suraj/Documents/study_material/web dev/Atlan/weekendly1/StickerSmash/src/screens/ActivityListScreen.tsx": {"path":"/home/suraj/Documents/study_material/web dev/Atlan/weekendly1/StickerSmash/src/screens/ActivityListScreen.tsx","statementMap":{"0":{"start":{"line":7,"column":27},"end":{"line":75,"column":1}},"1":{"start":{"line":8,"column":40},"end":{"line":8,"column":52}},"2":{"start":{"line":9,"column":50},"end":{"line":9,"column":79}},"3":{"start":{"line":10,"column":23},"end":{"line":10,"column":41}},"4":{"start":{"line":12,"column":29},"end":{"line":17,"column":4}},"5":{"start":{"line":13,"column":26},"end":{"line":14,"column":77}},"6":{"start":{"line":15,"column":28},"end":{"line":15,"column":87}},"7":{"start":{"line":16,"column":4},"end":{"line":16,"column":44}},"8":{"start":{"line":19,"column":31},"end":{"line":24,"column":3}},"9":{"start":{"line":20,"column":4},"end":{"line":23,"column":5}},"10":{"start":{"line":21,"column":6},"end":{"line":21,"column":25}},"11":{"start":{"line":22,"column":6},"end":{"line":22,"column":26}},"12":{"start":{"line":26,"column":2},"end":{"line":74,"column":4}},"13":{"start":{"line":38,"column":12},"end":{"line":45,"column":19}},"14":{"start":{"line":41,"column":29},"end":{"line":41,"column":97}},"15":{"start":{"line":52,"column":10},"end":{"line":70,"column":17}},"16":{"start":{"line":55,"column":27},"end":{"line":55,"column":57}},"17":{"start":{"line":66,"column":54},"end":{"line":66,"column":84}},"18":{"start":{"line":77,"column":15},"end":{"line":115,"column":2}}},"fnMap":{"0":{"name":"(anonymous_0)","decl":{"start":{"line":7,"column":27},"end":{"line":7,"column":28}},"loc":{"start":{"line":7,"column":59},"end":{"line":75,"column":1}},"line":7},"1":{"name":"(anonymous_1)","decl":{"start":{"line":12,"column":53},"end":{"line":12,"column":54}},"loc":{"start":{"line":12,"column":67},"end":{"line":17,"column":3}},"line":12},"2":{"name":"(anonymous_2)","decl":{"start":{"line":19,"column":31},"end":{"line":19,"column":32}},"loc":{"start":{"line":19,"column":55},"end":{"line":24,"column":3}},"line":19},"3":{"name":"(anonymous_3)","decl":{"start":{"line":37,"column":34},"end":{"line":37,"column":35}},"loc":{"start":{"line":38,"column":12},"end":{"line":45,"column":19}},"line":38},"4":{"name":"(anonymous_4)","decl":{"start":{"line":41,"column":23},"end":{"line":41,"column":24}},"loc":{"start":{"line":41,"column":29},"end":{"line":41,"column":97}},"line":41},"5":{"name":"(anonymous_5)","decl":{"start":{"line":51,"column":32},"end":{"line":51,"column":33}},"loc":{"start":{"line":52,"column":10},"end":{"line":70,"column":17}},"line":52},"6":{"name":"(anonymous_6)","decl":{"start":{"line":55,"column":21},"end":{"line":55,"column":22}},"loc":{"start":{"line":55,"column":27},"end":{"line":55,"column":57}},"line":55},"7":{"name":"(anonymous_7)","decl":{"start":{"line":66,"column":48},"end":{"line":66,"column":49}},"loc":{"start":{"line":66,"column":54},"end":{"line":66,"column":84}},"line":66}},"branchMap":{"0":{"loc":{"start":{"line":10,"column":23},"end":{"line":10,"column":41}},"type":"binary-expr","locations":[{"start":{"line":10,"column":23},"end":{"line":10,"column":35}},{"start":{"line":10,"column":39},"end":{"line":10,"column":41}}],"line":10},"1":{"loc":{"start":{"line":13,"column":26},"end":{"line":14,"column":77}},"type":"binary-expr","locations":[{"start":{"line":13,"column":26},"end":{"line":13,"column":90}},{"start":{"line":14,"column":6},"end":{"line":14,"column":77}}],"line":13},"2":{"loc":{"start":{"line":15,"column":28},"end":{"line":15,"column":87}},"type":"binary-expr","locations":[{"start":{"line":15,"column":28},"end":{"line":15,"column":45}},{"start":{"line":15,"column":49},"end":{"line":15,"column":87}}],"line":15},"3":{"loc":{"start":{"line":16,"column":11},"end":{"line":16,"column":43}},"type":"binary-expr","locations":[{"start":{"line":16,"column":11},"end":{"line":16,"column":24}},{"start":{"line":16,"column":28},"end":{"line":16,"column":43}}],"line":16},"4":{"loc":{"start":{"line":20,"column":4},"end":{"line":23,"column":5}},"type":"if","locations":[{"start":{"line":20,"column":4},"end":{"line":23,"column":5}},{"start":{},"end":{}}],"line":20},"5":{"loc":{"start":{"line":41,"column":49},"end":{"line":41,"column":96}},"type":"cond-expr","locations":[{"start":{"line":41,"column":81},"end":{"line":41,"column":85}},{"start":{"line":41,"column":88},"end":{"line":41,"column":96}}],"line":41},"6":{"loc":{"start":{"line":63,"column":19},"end":{"line":63,"column":72}},"type":"binary-expr","locations":[{"start":{"line":63,"column":19},"end":{"line":63,"column":32}},{"start":{"line":63,"column":36},"end":{"line":63,"column":72}}],"line":63}},"s":{"0":0,"1":0,"2":0,"3":0,"4":0,"5":0,"6":0,"7":0,"8":0,"9":0,"10":0,"11":0,"12":0,"13":0,"14":0,"15":0,"16":0,"17":0,"18":0},"f":{"0":0,"1":0,"2":0,"3":0,"4":0,"5":0,"6":0,"7":0},"b":{"0":[0,0],"1":[0,0],"2":[0,0],"3":[0,0],"4":[0,0],"5":[0,0],"6":[0,0]}}
,"/home/suraj/Documents/study_material/web dev/Atlan/weekendly1/StickerSmash/src/screens/HomeScreen.tsx": {"path":"/home/suraj/Documents/study_material/web dev/Atlan/weekendly1/StickerSmash/src/screens/HomeScreen.tsx","statementMap":{"0":{"start":{"line":8,"column":19},"end":{"line":79,"column":1}},"1":{"start":{"line":9,"column":38},"end":{"line":9,"column":65}},"2":{"start":{"line":11,"column":2},"end":{"line":13,"column":9}},"3":{"start":{"line":12,"column":4},"end":{"line":12,"column":16}},"4":{"start":{"line":15,"column":20},"end":{"line":18,"column":3}},"5":{"start":{"line":16,"column":18},"end":{"line":16,"column":34}},"6":{"start":{"line":17,"column":4},"end":{"line":17,"column":25}},"7":{"start":{"line":20,"column":2},"end":{"line":78,"column":4}},"8":{"start":{"line":30,"column":27},"end":{"line":30,"column":82}},"9":{"start":{"line":39,"column":10},"end":{"line":52,"column":17}},"10":{"start":{"line":47,"column":31},"end":{"line":47,"column":86}},"11":{"start":{"line":60,"column":12},"end":{"line":73,"column":19}},"12":{"start":{"line":68,"column":33},"end":{"line":68,"column":88}},"13":{"start":{"line":81,"column":15},"end":{"line":106,"column":2}}},"fnMap":{"0":{"name":"(anonymous_0)","decl":{"start":{"line":8,"column":19},"end":{"line":8,"column":20}},"loc":{"start":{"line":8,"column":44},"end":{"line":79,"column":1}},"line":8},"1":{"name":"(anonymous_1)","decl":{"start":{"line":11,"column":12},"end":{"line":11,"column":13}},"loc":{"start":{"line":11,"column":18},"end":{"line":13,"column":3}},"line":11},"2":{"name":"(anonymous_2)","decl":{"start":{"line":15,"column":20},"end":{"line":15,"column":21}},"loc":{"start":{"line":15,"column":32},"end":{"line":18,"column":3}},"line":15},"3":{"name":"(anonymous_3)","decl":{"start":{"line":30,"column":21},"end":{"line":30,"column":22}},"loc":{"start":{"line":30,"column":27},"end":{"line":30,"column":82}},"line":30},"4":{"name":"(anonymous_4)","decl":{"start":{"line":38,"column":27},"end":{"line":38,"column":28}},"loc":{"start":{"line":39,"column":10},"end":{"line":52,"column":17}},"line":39},"5":{"name":"(anonymous_5)","decl":{"start":{"line":47,"column":25},"end":{"line":47,"column":26}},"loc":{"start":{"line":47,"column":31},"end":{"line":47,"column":86}},"line":47},"6":{"name":"(anonymous_6)","decl":{"start":{"line":59,"column":26},"end":{"line":59,"column":27}},"loc":{"start":{"line":60,"column":12},"end":{"line":73,"column":19}},"line":60},"7":{"name":"(anonymous_7)","decl":{"start":{"line":68,"column":27},"end":{"line":68,"column":28}},"loc":{"start":{"line":68,"column":33},"end":{"line":68,"column":88}},"line":68}},"branchMap":{"0":{"loc":{"start":{"line":56,"column":7},"end":{"line":76,"column":7}},"type":"binary-expr","locations":[{"start":{"line":56,"column":7},"end":{"line":56,"column":28}},{"start":{"line":57,"column":8},"end":{"line":75,"column":15}}],"line":56}},"s":{"0":0,"1":0,"2":0,"3":0,"4":0,"5":0,"6":0,"7":0,"8":0,"9":0,"10":0,"11":0,"12":0,"13":0},"f":{"0":0,"1":0,"2":0,"3":0,"4":0,"5":0,"6":0,"7":0},"b":{"0":[0,0]}}
,"/home/suraj/Documents/study_material/web dev/Atlan/weekendly1/StickerSmash/src/screens/WeekendPlanScreen.tsx": {"path":"/home/suraj/Documents/study_material/web dev/Atlan/weekendly1/StickerSmash/src/screens/WeekendPlanScreen.tsx","statementMap":{"0":{"start":{"line":11,"column":26},"end":{"line":241,"column":1}},"1":{"start":{"line":12,"column":28},"end":{"line":12,"column":46}},"2":{"start":{"line":13,"column":17},"end":{"line":13,"column":28}},"3":{"start":{"line":14,"column":26},"end":{"line":25,"column":4}},"4":{"start":{"line":27,"column":2},"end":{"line":31,"column":15}},"5":{"start":{"line":28,"column":4},"end":{"line":30,"column":5}},"6":{"start":{"line":29,"column":6},"end":{"line":29,"column":25}},"7":{"start":{"line":33,"column":27},"end":{"line":43,"column":3}},"8":{"start":{"line":34,"column":4},"end":{"line":42,"column":5}},"9":{"start":{"line":35,"column":20},"end":{"line":35,"column":36}},"10":{"start":{"line":36,"column":27},"end":{"line":36,"column":61}},"11":{"start":{"line":36,"column":45},"end":{"line":36,"column":60}},"12":{"start":{"line":37,"column":6},"end":{"line":39,"column":7}},"13":{"start":{"line":38,"column":8},"end":{"line":38,"column":30}},"14":{"start":{"line":41,"column":6},"end":{"line":41,"column":59}},"15":{"start":{"line":45,"column":2},"end":{"line":60,"column":9}},"16":{"start":{"line":46,"column":4},"end":{"line":59,"column":5}},"17":{"start":{"line":47,"column":24},"end":{"line":47,"column":34}},"18":{"start":{"line":48,"column":22},"end":{"line":48,"column":32}},"19":{"start":{"line":49,"column":6},"end":{"line":49,"column":47}},"20":{"start":{"line":51,"column":6},"end":{"line":58,"column":10}},"21":{"start":{"line":51,"column":23},"end":{"line":58,"column":7}},"22":{"start":{"line":62,"column":28},"end":{"line":72,"column":3}},"23":{"start":{"line":63,"column":4},"end":{"line":71,"column":5}},"24":{"start":{"line":65,"column":6},"end":{"line":65,"column":79}},"25":{"start":{"line":67,"column":6},"end":{"line":67,"column":74}},"26":{"start":{"line":68,"column":6},"end":{"line":68,"column":45}},"27":{"start":{"line":70,"column":6},"end":{"line":70,"column":58}},"28":{"start":{"line":75,"column":35},"end":{"line":119,"column":3}},"29":{"start":{"line":76,"column":4},"end":{"line":118,"column":5}},"30":{"start":{"line":77,"column":35},"end":{"line":77,"column":81}},"31":{"start":{"line":78,"column":31},"end":{"line":78,"column":77}},"32":{"start":{"line":80,"column":6},"end":{"line":85,"column":9}},"33":{"start":{"line":87,"column":6},"end":{"line":115,"column":7}},"34":{"start":{"line":88,"column":25},"end":{"line":88,"column":57}},"35":{"start":{"line":89,"column":25},"end":{"line":89,"column":55}},"36":{"start":{"line":91,"column":8},"end":{"line":91,"column":71}},"37":{"start":{"line":94,"column":8},"end":{"line":96,"column":9}},"38":{"start":{"line":95,"column":10},"end":{"line":95,"column":88}},"39":{"start":{"line":98,"column":8},"end":{"line":111,"column":11}},"40":{"start":{"line":99,"column":30},"end":{"line":107,"column":11}},"41":{"start":{"line":102,"column":14},"end":{"line":104,"column":21}},"42":{"start":{"line":109,"column":10},"end":{"line":109,"column":52}},"43":{"start":{"line":110,"column":10},"end":{"line":110,"column":29}},"44":{"start":{"line":114,"column":8},"end":{"line":114,"column":81}},"45":{"start":{"line":117,"column":6},"end":{"line":117,"column":68}},"46":{"start":{"line":121,"column":2},"end":{"line":130,"column":4}},"47":{"start":{"line":124,"column":24},"end":{"line":126,"column":13}},"48":{"start":{"line":125,"column":8},"end":{"line":125,"column":35}},"49":{"start":{"line":128,"column":6},"end":{"line":128,"column":43}},"50":{"start":{"line":128,"column":19},"end":{"line":128,"column":42}},"51":{"start":{"line":132,"column":21},"end":{"line":139,"column":3}},"52":{"start":{"line":133,"column":4},"end":{"line":138,"column":5}},"53":{"start":{"line":134,"column":6},"end":{"line":134,"column":27}},"54":{"start":{"line":135,"column":6},"end":{"line":135,"column":23}},"55":{"start":{"line":137,"column":6},"end":{"line":137,"column":49}},"56":{"start":{"line":141,"column":31},"end":{"line":161,"column":3}},"57":{"start":{"line":142,"column":4},"end":{"line":160,"column":7}},"58":{"start":{"line":143,"column":26},"end":{"line":147,"column":7}},"59":{"start":{"line":144,"column":8},"end":{"line":146,"column":15}},"60":{"start":{"line":145,"column":61},"end":{"line":145,"column":80}},"61":{"start":{"line":150,"column":32},"end":{"line":152,"column":7}},"62":{"start":{"line":151,"column":8},"end":{"line":151,"column":60}},"63":{"start":{"line":154,"column":6},"end":{"line":159,"column":8}},"64":{"start":{"line":163,"column":29},"end":{"line":178,"column":3}},"65":{"start":{"line":164,"column":4},"end":{"line":177,"column":7}},"66":{"start":{"line":165,"column":22},"end":{"line":165,"column":36}},"67":{"start":{"line":166,"column":18},"end":{"line":166,"column":40}},"68":{"start":{"line":167,"column":32},"end":{"line":167,"column":67}},"69":{"start":{"line":168,"column":6},"end":{"line":168,"column":60}},"70":{"start":{"line":171,"column":6},"end":{"line":173,"column":8}},"71":{"start":{"line":172,"column":8},"end":{"line":172,"column":60}},"72":{"start":{"line":175,"column":6},"end":{"line":175,"column":51}},"73":{"start":{"line":176,"column":6},"end":{"line":176,"column":21}},"74":{"start":{"line":180,"column":2},"end":{"line":240,"column":4}},"75":{"start":{"line":189,"column":40},"end":{"line":189,"column":82}},"76":{"start":{"line":196,"column":8},"end":{"line":233,"column":15}},"77":{"start":{"line":200,"column":12},"end":{"line":224,"column":14}},"78":{"start":{"line":205,"column":30},"end":{"line":205,"column":73}},"79":{"start":{"line":207,"column":16},"end":{"line":222,"column":17}},"80":{"start":{"line":208,"column":39},"end":{"line":208,"column":72}},"81":{"start":{"line":209,"column":18},"end":{"line":221,"column":21}},"82":{"start":{"line":210,"column":36},"end":{"line":210,"column":50}},"83":{"start":{"line":211,"column":44},"end":{"line":211,"column":97}},"84":{"start":{"line":212,"column":20},"end":{"line":212,"column":78}},"85":{"start":{"line":215,"column":20},"end":{"line":217,"column":22}},"86":{"start":{"line":216,"column":22},"end":{"line":216,"column":74}},"87":{"start":{"line":219,"column":20},"end":{"line":219,"column":65}},"88":{"start":{"line":220,"column":20},"end":{"line":220,"column":35}},"89":{"start":{"line":228,"column":27},"end":{"line":228,"column":54}},"90":{"start":{"line":243,"column":15},"end":{"line":267,"column":2}}},"fnMap":{"0":{"name":"(anonymous_0)","decl":{"start":{"line":11,"column":26},"end":{"line":11,"column":27}},"loc":{"start":{"line":11,"column":46},"end":{"line":241,"column":1}},"line":11},"1":{"name":"(anonymous_1)","decl":{"start":{"line":27,"column":12},"end":{"line":27,"column":13}},"loc":{"start":{"line":27,"column":18},"end":{"line":31,"column":3}},"line":27},"2":{"name":"(anonymous_2)","decl":{"start":{"line":33,"column":27},"end":{"line":33,"column":28}},"loc":{"start":{"line":33,"column":39},"end":{"line":43,"column":3}},"line":33},"3":{"name":"(anonymous_3)","decl":{"start":{"line":36,"column":38},"end":{"line":36,"column":39}},"loc":{"start":{"line":36,"column":45},"end":{"line":36,"column":60}},"line":36},"4":{"name":"(anonymous_4)","decl":{"start":{"line":45,"column":18},"end":{"line":45,"column":19}},"loc":{"start":{"line":45,"column":24},"end":{"line":60,"column":3}},"line":45},"5":{"name":"(anonymous_5)","decl":{"start":{"line":51,"column":14},"end":{"line":51,"column":15}},"loc":{"start":{"line":51,"column":23},"end":{"line":58,"column":7}},"line":51},"6":{"name":"(anonymous_6)","decl":{"start":{"line":62,"column":28},"end":{"line":62,"column":29}},"loc":{"start":{"line":62,"column":56},"end":{"line":72,"column":3}},"line":62},"7":{"name":"(anonymous_7)","decl":{"start":{"line":75,"column":35},"end":{"line":75,"column":36}},"loc":{"start":{"line":75,"column":47},"end":{"line":119,"column":3}},"line":75},"8":{"name":"(anonymous_8)","decl":{"start":{"line":98,"column":16},"end":{"line":98,"column":17}},"loc":{"start":{"line":98,"column":29},"end":{"line":111,"column":9}},"line":98},"9":{"name":"(anonymous_9)","decl":{"start":{"line":101,"column":35},"end":{"line":101,"column":36}},"loc":{"start":{"line":102,"column":14},"end":{"line":104,"column":21}},"line":102},"10":{"name":"(anonymous_10)","decl":{"start":{"line":122,"column":22},"end":{"line":122,"column":23}},"loc":{"start":{"line":122,"column":28},"end":{"line":129,"column":5}},"line":122},"11":{"name":"(anonymous_11)","decl":{"start":{"line":124,"column":35},"end":{"line":124,"column":36}},"loc":{"start":{"line":124,"column":41},"end":{"line":126,"column":7}},"line":124},"12":{"name":"(anonymous_12)","decl":{"start":{"line":128,"column":13},"end":{"line":128,"column":14}},"loc":{"start":{"line":128,"column":19},"end":{"line":128,"column":42}},"line":128},"13":{"name":"(anonymous_13)","decl":{"start":{"line":132,"column":21},"end":{"line":132,"column":22}},"loc":{"start":{"line":132,"column":33},"end":{"line":139,"column":3}},"line":132},"14":{"name":"(anonymous_14)","decl":{"start":{"line":141,"column":31},"end":{"line":141,"column":32}},"loc":{"start":{"line":141,"column":73},"end":{"line":161,"column":3}},"line":141},"15":{"name":"(anonymous_15)","decl":{"start":{"line":142,"column":12},"end":{"line":142,"column":13}},"loc":{"start":{"line":142,"column":25},"end":{"line":160,"column":5}},"line":142},"16":{"name":"(anonymous_16)","decl":{"start":{"line":143,"column":43},"end":{"line":143,"column":44}},"loc":{"start":{"line":144,"column":8},"end":{"line":146,"column":15}},"line":144},"17":{"name":"(anonymous_17)","decl":{"start":{"line":145,"column":56},"end":{"line":145,"column":57}},"loc":{"start":{"line":145,"column":61},"end":{"line":145,"column":80}},"line":145},"18":{"name":"(anonymous_18)","decl":{"start":{"line":150,"column":48},"end":{"line":150,"column":49}},"loc":{"start":{"line":151,"column":8},"end":{"line":151,"column":60}},"line":151},"19":{"name":"(anonymous_19)","decl":{"start":{"line":163,"column":29},"end":{"line":163,"column":30}},"loc":{"start":{"line":163,"column":90},"end":{"line":178,"column":3}},"line":163},"20":{"name":"(anonymous_20)","decl":{"start":{"line":164,"column":12},"end":{"line":164,"column":13}},"loc":{"start":{"line":164,"column":25},"end":{"line":177,"column":5}},"line":164},"21":{"name":"(anonymous_21)","decl":{"start":{"line":171,"column":44},"end":{"line":171,"column":45}},"loc":{"start":{"line":172,"column":8},"end":{"line":172,"column":60}},"line":172},"22":{"name":"(anonymous_22)","decl":{"start":{"line":189,"column":29},"end":{"line":189,"column":30}},"loc":{"start":{"line":189,"column":40},"end":{"line":189,"column":82}},"line":189},"23":{"name":"(anonymous_23)","decl":{"start":{"line":195,"column":21},"end":{"line":195,"column":22}},"loc":{"start":{"line":196,"column":8},"end":{"line":233,"column":15}},"line":196},"24":{"name":"(anonymous_24)","decl":{"start":{"line":199,"column":30},"end":{"line":199,"column":31}},"loc":{"start":{"line":200,"column":12},"end":{"line":224,"column":14}},"line":200},"25":{"name":"(anonymous_25)","decl":{"start":{"line":205,"column":24},"end":{"line":205,"column":25}},"loc":{"start":{"line":205,"column":30},"end":{"line":205,"column":73}},"line":205},"26":{"name":"(anonymous_26)","decl":{"start":{"line":206,"column":22},"end":{"line":206,"column":23}},"loc":{"start":{"line":206,"column":36},"end":{"line":223,"column":15}},"line":206},"27":{"name":"(anonymous_27)","decl":{"start":{"line":209,"column":26},"end":{"line":209,"column":27}},"loc":{"start":{"line":209,"column":39},"end":{"line":221,"column":19}},"line":209},"28":{"name":"(anonymous_28)","decl":{"start":{"line":215,"column":58},"end":{"line":215,"column":59}},"loc":{"start":{"line":216,"column":22},"end":{"line":216,"column":74}},"line":216},"29":{"name":"(anonymous_29)","decl":{"start":{"line":228,"column":21},"end":{"line":228,"column":22}},"loc":{"start":{"line":228,"column":27},"end":{"line":228,"column":54}},"line":228}},"branchMap":{"0":{"loc":{"start":{"line":12,"column":28},"end":{"line":12,"column":46}},"type":"binary-expr","locations":[{"start":{"line":12,"column":28},"end":{"line":12,"column":40}},{"start":{"line":12,"column":44},"end":{"line":12,"column":46}}],"line":12},"1":{"loc":{"start":{"line":15,"column":8},"end":{"line":15,"column":39}},"type":"binary-expr","locations":[{"start":{"line":15,"column":8},"end":{"line":15,"column":14}},{"start":{"line":15,"column":18},"end":{"line":15,"column":39}}],"line":15},"2":{"loc":{"start":{"line":28,"column":4},"end":{"line":30,"column":5}},"type":"if","locations":[{"start":{"line":28,"column":4},"end":{"line":30,"column":5}},{"start":{},"end":{}}],"line":28},"3":{"loc":{"start":{"line":37,"column":6},"end":{"line":39,"column":7}},"type":"if","locations":[{"start":{"line":37,"column":6},"end":{"line":39,"column":7}},{"start":{},"end":{}}],"line":37},"4":{"loc":{"start":{"line":46,"column":4},"end":{"line":59,"column":5}},"type":"if","locations":[{"start":{"line":46,"column":4},"end":{"line":59,"column":5}},{"start":{},"end":{}}],"line":46},"5":{"loc":{"start":{"line":87,"column":6},"end":{"line":115,"column":7}},"type":"if","locations":[{"start":{"line":87,"column":6},"end":{"line":115,"column":7}},{"start":{},"end":{}}],"line":87},"6":{"loc":{"start":{"line":87,"column":10},"end":{"line":87,"column":50}},"type":"binary-expr","locations":[{"start":{"line":87,"column":10},"end":{"line":87,"column":30}},{"start":{"line":87,"column":34},"end":{"line":87,"column":50}}],"line":87},"7":{"loc":{"start":{"line":94,"column":8},"end":{"line":96,"column":9}},"type":"if","locations":[{"start":{"line":94,"column":8},"end":{"line":96,"column":9}},{"start":{},"end":{}}],"line":94},"8":{"loc":{"start":{"line":102,"column":14},"end":{"line":104,"column":21}},"type":"cond-expr","locations":[{"start":{"line":103,"column":18},"end":{"line":103,"column":71}},{"start":{"line":104,"column":18},"end":{"line":104,"column":21}}],"line":102},"9":{"loc":{"start":{"line":144,"column":8},"end":{"line":146,"column":15}},"type":"cond-expr","locations":[{"start":{"line":145,"column":12},"end":{"line":145,"column":83}},{"start":{"line":146,"column":12},"end":{"line":146,"column":15}}],"line":144},"10":{"loc":{"start":{"line":151,"column":8},"end":{"line":151,"column":60}},"type":"cond-expr","locations":[{"start":{"line":151,"column":36},"end":{"line":151,"column":53}},{"start":{"line":151,"column":56},"end":{"line":151,"column":60}}],"line":151},"11":{"loc":{"start":{"line":172,"column":8},"end":{"line":172,"column":60}},"type":"cond-expr","locations":[{"start":{"line":172,"column":36},"end":{"line":172,"column":53}},{"start":{"line":172,"column":56},"end":{"line":172,"column":60}}],"line":172},"12":{"loc":{"start":{"line":207,"column":16},"end":{"line":222,"column":17}},"type":"if","locations":[{"start":{"line":207,"column":16},"end":{"line":222,"column":17}},{"start":{},"end":{}}],"line":207},"13":{"loc":{"start":{"line":216,"column":22},"end":{"line":216,"column":74}},"type":"cond-expr","locations":[{"start":{"line":216,"column":50},"end":{"line":216,"column":67}},{"start":{"line":216,"column":70},"end":{"line":216,"column":74}}],"line":216}},"s":{"0":0,"1":0,"2":0,"3":0,"4":0,"5":0,"6":0,"7":0,"8":0,"9":0,"10":0,"11":0,"12":0,"13":0,"14":0,"15":0,"16":0,"17":0,"18":0,"19":0,"20":0,"21":0,"22":0,"23":0,"24":0,"25":0,"26":0,"27":0,"28":0,"29":0,"30":0,"31":0,"32":0,"33":0,"34":0,"35":0,"36":0,"37":0,"38":0,"39":0,"40":0,"41":0,"42":0,"43":0,"44":0,"45":0,"46":0,"47":0,"48":0,"49":0,"50":0,"51":0,"52":0,"53":0,"54":0,"55":0,"56":0,"57":0,"58":0,"59":0,"60":0,"61":0,"62":0,"63":0,"64":0,"65":0,"66":0,"67":0,"68":0,"69":0,"70":0,"71":0,"72":0,"73":0,"74":0,"75":0,"76":0,"77":0,"78":0,"79":0,"80":0,"81":0,"82":0,"83":0,"84":0,"85":0,"86":0,"87":0,"88":0,"89":0,"90":0},"f":{"0":0,"1":0,"2":0,"3":0,"4":0,"5":0,"6":0,"7":0,"8":0,"9":0,"10":0,"11":0,"12":0,"13":0,"14":0,"15":0,"16":0,"17":0,"18":0,"19":0,"20":0,"21":0,"22":0,"23":0,"24":0,"25":0,"26":0,"27":0,"28":0,"29":0},"b":{"0":[0,0],"1":[0,0],"2":[0,0],"3":[0,0],"4":[0,0],"5":[0,0],"6":[0,0],"7":[0,0],"8":[0,0],"9":[0,0],"10":[0,0],"11":[0,0],"12":[0,0],"13":[0,0]}}
,"/home/suraj/Documents/study_material/web dev/Atlan/weekendly1/StickerSmash/src/utils/sampleData.ts": {"path":"/home/suraj/Documents/study_material/web dev/Atlan/weekendly1/StickerSmash/src/utils/sampleData.ts","statementMap":{"0":{"start":{"line":3,"column":44},"end":{"line":131,"column":1}},"1":{"start":{"line":133,"column":34},"end":{"line":142,"column":1}},"2":{"start":{"line":144,"column":29},"end":{"line":165,"column":1}}},"fnMap":{},"branchMap":{},"s":{"0":0,"1":0,"2":0},"f":{},"b":{}}
,"/home/suraj/Documents/study_material/web dev/Atlan/weekendly1/StickerSmash/src/utils/selectedActivity.ts": {"path":"/home/suraj/Documents/study_material/web dev/Atlan/weekendly1/StickerSmash/src/utils/selectedActivity.ts","statementMap":{"0":{"start":{"line":4,"column":30},"end":{"line":4,"column":60}},"1":{"start":{"line":6,"column":37},"end":{"line":14,"column":1}},"2":{"start":{"line":7,"column":2},"end":{"line":13,"column":3}},"3":{"start":{"line":8,"column":4},"end":{"line":8,"column":94}},"4":{"start":{"line":9,"column":4},"end":{"line":9,"column":16}},"5":{"start":{"line":11,"column":4},"end":{"line":11,"column":61}},"6":{"start":{"line":12,"column":4},"end":{"line":12,"column":17}},"7":{"start":{"line":16,"column":43},"end":{"line":28,"column":1}},"8":{"start":{"line":17,"column":2},"end":{"line":27,"column":3}},"9":{"start":{"line":18,"column":17},"end":{"line":18,"column":66}},"10":{"start":{"line":19,"column":4},"end":{"line":22,"column":5}},"11":{"start":{"line":20,"column":6},"end":{"line":20,"column":59}},"12":{"start":{"line":21,"column":6},"end":{"line":21,"column":30}},"13":{"start":{"line":23,"column":4},"end":{"line":23,"column":16}},"14":{"start":{"line":25,"column":4},"end":{"line":25,"column":61}},"15":{"start":{"line":26,"column":4},"end":{"line":26,"column":16}}},"fnMap":{"0":{"name":"(anonymous_0)","decl":{"start":{"line":6,"column":37},"end":{"line":6,"column":38}},"loc":{"start":{"line":6,"column":85},"end":{"line":14,"column":1}},"line":6},"1":{"name":"(anonymous_1)","decl":{"start":{"line":16,"column":43},"end":{"line":16,"column":44}},"loc":{"start":{"line":16,"column":55},"end":{"line":28,"column":1}},"line":16}},"branchMap":{"0":{"loc":{"start":{"line":19,"column":4},"end":{"line":22,"column":5}},"type":"if","locations":[{"start":{"line":19,"column":4},"end":{"line":22,"column":5}},{"start":{},"end":{}}],"line":19}},"s":{"0":0,"1":0,"2":0,"3":0,"4":0,"5":0,"6":0,"7":0,"8":0,"9":0,"10":0,"11":0,"12":0,"13":0,"14":0,"15":0},"f":{"0":0,"1":0},"b":{"0":[0,0]}}
,"/home/suraj/Documents/study_material/web dev/Atlan/weekendly1/StickerSmash/src/utils/selectedDayIndex.ts": {"path":"/home/suraj/Documents/study_material/web dev/Atlan/weekendly1/StickerSmash/src/utils/selectedDayIndex.ts","statementMap":{"0":{"start":{"line":3,"column":31},"end":{"line":3,"column":62}},"1":{"start":{"line":5,"column":37},"end":{"line":13,"column":1}},"2":{"start":{"line":6,"column":2},"end":{"line":12,"column":3}},"3":{"start":{"line":7,"column":4},"end":{"line":7,"column":76}},"4":{"start":{"line":8,"column":4},"end":{"line":8,"column":16}},"5":{"start":{"line":10,"column":4},"end":{"line":10,"column":62}},"6":{"start":{"line":11,"column":4},"end":{"line":11,"column":17}},"7":{"start":{"line":15,"column":35},"end":{"line":26,"column":1}},"8":{"start":{"line":16,"column":2},"end":{"line":25,"column":3}},"9":{"start":{"line":17,"column":17},"end":{"line":17,"column":67}},"10":{"start":{"line":18,"column":4},"end":{"line":20,"column":5}},"11":{"start":{"line":19,"column":6},"end":{"line":19,"column":32}},"12":{"start":{"line":21,"column":4},"end":{"line":21,"column":16}},"13":{"start":{"line":23,"column":4},"end":{"line":23,"column":62}},"14":{"start":{"line":24,"column":4},"end":{"line":24,"column":16}}},"fnMap":{"0":{"name":"(anonymous_0)","decl":{"start":{"line":5,"column":37},"end":{"line":5,"column":38}},"loc":{"start":{"line":5,"column":65},"end":{"line":13,"column":1}},"line":5},"1":{"name":"(anonymous_1)","decl":{"start":{"line":15,"column":35},"end":{"line":15,"column":36}},"loc":{"start":{"line":15,"column":47},"end":{"line":26,"column":1}},"line":15}},"branchMap":{"0":{"loc":{"start":{"line":18,"column":4},"end":{"line":20,"column":5}},"type":"if","locations":[{"start":{"line":18,"column":4},"end":{"line":20,"column":5}},{"start":{},"end":{}}],"line":18}},"s":{"0":0,"1":0,"2":0,"3":0,"4":0,"5":0,"6":0,"7":0,"8":0,"9":0,"10":0,"11":0,"12":0,"13":0,"14":0},"f":{"0":0,"1":0},"b":{"0":[0,0]}}
,"/home/suraj/Documents/study_material/web dev/Atlan/weekendly1/StickerSmash/src/utils/storage.ts": {"path":"/home/suraj/Documents/study_material/web dev/Atlan/weekendly1/StickerSmash/src/utils/storage.ts","statementMap":{"0":{"start":{"line":4,"column":20},"end":{"line":4,"column":38}},"1":{"start":{"line":6,"column":24},"end":{"line":24,"column":1}},"2":{"start":{"line":7,"column":2},"end":{"line":23,"column":3}},"3":{"start":{"line":8,"column":30},"end":{"line":8,"column":69}},"4":{"start":{"line":9,"column":26},"end":{"line":9,"column":80}},"5":{"start":{"line":11,"column":22},"end":{"line":11,"column":83}},"6":{"start":{"line":11,"column":66},"end":{"line":11,"column":82}},"7":{"start":{"line":12,"column":4},"end":{"line":16,"column":5}},"8":{"start":{"line":13,"column":6},"end":{"line":13,"column":38}},"9":{"start":{"line":15,"column":6},"end":{"line":15,"column":31}},"10":{"start":{"line":18,"column":4},"end":{"line":18,"column":75}},"11":{"start":{"line":19,"column":4},"end":{"line":19,"column":16}},"12":{"start":{"line":21,"column":4},"end":{"line":21,"column":47}},"13":{"start":{"line":22,"column":4},"end":{"line":22,"column":17}},"14":{"start":{"line":26,"column":24},"end":{"line":34,"column":1}},"15":{"start":{"line":27,"column":2},"end":{"line":33,"column":3}},"16":{"start":{"line":28,"column":22},"end":{"line":28,"column":61}},"17":{"start":{"line":29,"column":4},"end":{"line":29,"column":50}},"18":{"start":{"line":31,"column":4},"end":{"line":31,"column":49}},"19":{"start":{"line":32,"column":4},"end":{"line":32,"column":14}},"20":{"start":{"line":36,"column":26},"end":{"line":50,"column":1}},"21":{"start":{"line":37,"column":2},"end":{"line":49,"column":3}},"22":{"start":{"line":38,"column":30},"end":{"line":38,"column":69}},"23":{"start":{"line":39,"column":4},"end":{"line":39,"column":41}},"24":{"start":{"line":39,"column":28},"end":{"line":39,"column":41}},"25":{"start":{"line":41,"column":26},"end":{"line":41,"column":55}},"26":{"start":{"line":42,"column":25},"end":{"line":42,"column":88}},"27":{"start":{"line":42,"column":69},"end":{"line":42,"column":87}},"28":{"start":{"line":44,"column":4},"end":{"line":44,"column":74}},"29":{"start":{"line":45,"column":4},"end":{"line":45,"column":16}},"30":{"start":{"line":47,"column":4},"end":{"line":47,"column":49}},"31":{"start":{"line":48,"column":4},"end":{"line":48,"column":17}}},"fnMap":{"0":{"name":"(anonymous_0)","decl":{"start":{"line":6,"column":24},"end":{"line":6,"column":25}},"loc":{"start":{"line":6,"column":53},"end":{"line":24,"column":1}},"line":6},"1":{"name":"(anonymous_1)","decl":{"start":{"line":11,"column":46},"end":{"line":11,"column":47}},"loc":{"start":{"line":11,"column":66},"end":{"line":11,"column":82}},"line":11},"2":{"name":"(anonymous_2)","decl":{"start":{"line":26,"column":24},"end":{"line":26,"column":25}},"loc":{"start":{"line":26,"column":60},"end":{"line":34,"column":1}},"line":26},"3":{"name":"(anonymous_3)","decl":{"start":{"line":36,"column":26},"end":{"line":36,"column":27}},"loc":{"start":{"line":36,"column":52},"end":{"line":50,"column":1}},"line":36},"4":{"name":"(anonymous_4)","decl":{"start":{"line":42,"column":46},"end":{"line":42,"column":47}},"loc":{"start":{"line":42,"column":69},"end":{"line":42,"column":87}},"line":42}},"branchMap":{"0":{"loc":{"start":{"line":9,"column":26},"end":{"line":9,"column":80}},"type":"cond-expr","locations":[{"start":{"line":9,"column":46},"end":{"line":9,"column":75}},{"start":{"line":9,"column":78},"end":{"line":9,"column":80}}],"line":9},"1":{"loc":{"start":{"line":12,"column":4},"end":{"line":16,"column":5}},"type":"if","locations":[{"start":{"line":12,"column":4},"end":{"line":16,"column":5}},{"start":{"line":14,"column":11},"end":{"line":16,"column":5}}],"line":12},"2":{"loc":{"start":{"line":29,"column":11},"end":{"line":29,"column":49}},"type":"cond-expr","locations":[{"start":{"line":29,"column":23},"end":{"line":29,"column":44}},{"start":{"line":29,"column":47},"end":{"line":29,"column":49}}],"line":29},"3":{"loc":{"start":{"line":39,"column":4},"end":{"line":39,"column":41}},"type":"if","locations":[{"start":{"line":39,"column":4},"end":{"line":39,"column":41}},{"start":{},"end":{}}],"line":39}},"s":{"0":1,"1":1,"2":1,"3":1,"4":1,"5":1,"6":0,"7":1,"8":0,"9":1,"10":1,"11":1,"12":0,"13":0,"14":1,"15":1,"16":1,"17":1,"18":0,"19":0,"20":1,"21":1,"22":1,"23":1,"24":0,"25":1,"26":1,"27":2,"28":1,"29":1,"30":0,"31":0},"f":{"0":1,"1":0,"2":1,"3":1,"4":2},"b":{"0":[0,1],"1":[0,1],"2":[0,1],"3":[0,1]},"_coverageSchema":"1a1c01bbd47fc00a2c39e90264f33305004495a9","hash":"0eea833dd63e86da42d9c97e09d2ac27cb9da789"}
,"/home/suraj/Documents/study_material/web dev/Atlan/weekendly1/StickerSmash/src/utils/types.ts": {"path":"/home/suraj/Documents/study_material/web dev/Atlan/weekendly1/StickerSmash/src/utils/types.ts","statementMap":{},"fnMap":{},"branchMap":{},"s":{},"f":{},"b":{}}
}
