TN:
SF:App.tsx
FN:12,App
FNF:1
FNH:0
FNDA:0,App
DA:10,0
DA:13,0
LF:2
LH:0
BRF:0
BRH:0
end_of_record
TN:
SF:expo-env.d.ts
FNF:0
FNH:0
LF:0
LH:0
BRF:0
BRH:0
end_of_record
TN:
SF:.expo/types/router.d.ts
FNF:0
FNH:0
LF:0
LH:0
BRF:0
BRH:0
end_of_record
TN:
SF:app/_layout.tsx
FN:5,RootLayout
FNF:1
FNH:0
FNDA:0,RootLayout
DA:6,0
LF:1
LH:0
BRF:0
BRH:0
end_of_record
TN:
SF:app/activity-list.tsx
FN:9,ActivityListScreen
FN:15,(anonymous_1)
FN:22,(anonymous_2)
FN:45,(anonymous_3)
FN:49,(anonymous_4)
FN:59,(anonymous_5)
FN:63,(anonymous_6)
FN:74,(anonymous_7)
FNF:8
FNH:0
FNDA:0,ActivityListScreen
FNDA:0,(anonymous_1)
FNDA:0,(anonymous_2)
FNDA:0,(anonymous_3)
FNDA:0,(anonymous_4)
FNDA:0,(anonymous_5)
FNDA:0,(anonymous_6)
FNDA:0,(anonymous_7)
DA:10,0
DA:11,0
DA:12,0
DA:13,0
DA:15,0
DA:16,0
DA:18,0
DA:19,0
DA:22,0
DA:23,0
DA:24,0
DA:25,0
DA:26,0
DA:28,0
DA:29,0
DA:30,0
DA:34,0
DA:46,0
DA:49,0
DA:60,0
DA:63,0
DA:74,0
DA:85,0
LF:23
LH:0
BRDA:16,0,0,0
BRDA:16,0,1,0
BRDA:18,1,0,0
BRDA:18,1,1,0
BRDA:19,2,0,0
BRDA:19,2,1,0
BRDA:24,3,0,0
BRDA:24,3,1,0
BRDA:29,4,0,0
BRDA:29,4,1,0
BRDA:49,5,0,0
BRDA:49,5,1,0
BRDA:71,6,0,0
BRDA:71,6,1,0
BRF:14
BRH:0
end_of_record
TN:
SF:app/index.tsx
FN:11,Index
FN:18,(anonymous_1)
FN:30,(anonymous_2)
FN:36,(anonymous_3)
FN:108,(anonymous_4)
FN:122,(anonymous_5)
FNF:6
FNH:0
FNDA:0,Index
FNDA:0,(anonymous_1)
FNDA:0,(anonymous_2)
FNDA:0,(anonymous_3)
FNDA:0,(anonymous_4)
FNDA:0,(anonymous_5)
DA:12,0
DA:13,0
DA:18,0
DA:19,0
DA:20,0
DA:21,0
DA:23,0
DA:24,0
DA:26,0
DA:29,0
DA:31,0
DA:32,0
DA:36,0
DA:37,0
DA:38,0
DA:41,0
DA:109,0
DA:123,0
DA:124,0
DA:138,0
LF:20
LH:0
BRDA:105,0,0,0
BRDA:105,0,1,0
BRF:2
BRH:0
end_of_record
TN:
SF:app/weekend-plan.tsx
FN:12,WeekendPlanScreen
FN:17,(anonymous_1)
FN:49,(anonymous_2)
FN:55,(anonymous_3)
FN:57,(anonymous_4)
FN:65,(anonymous_5)
FN:79,(anonymous_6)
FN:89,(anonymous_7)
FN:92,(anonymous_8)
FN:96,(anonymous_9)
FN:123,(anonymous_10)
FN:127,(anonymous_11)
FN:133,(anonymous_12)
FN:134,(anonymous_13)
FN:142,(anonymous_14)
FN:143,(anonymous_15)
FN:150,(anonymous_16)
FN:169,(anonymous_17)
FN:178,(anonymous_18)
FN:183,(anonymous_19)
FN:184,(anonymous_20)
FN:185,(anonymous_21)
FN:187,(anonymous_22)
FN:192,(anonymous_23)
FN:205,(anonymous_24)
FN:206,(anonymous_25)
FN:209,(anonymous_26)
FN:217,(anonymous_27)
FN:232,(anonymous_28)
FN:253,(anonymous_29)
FN:253,(anonymous_30)
FN:260,(anonymous_31)
FN:260,(anonymous_32)
FN:270,(anonymous_33)
FN:277,(anonymous_34)
FN:293,(anonymous_35)
FN:299,(anonymous_36)
FN:308,(anonymous_37)
FN:311,(anonymous_38)
FN:319,(anonymous_39)
FN:320,(anonymous_40)
FN:324,(anonymous_41)
FNF:42
FNH:0
FNDA:0,WeekendPlanScreen
FNDA:0,(anonymous_1)
FNDA:0,(anonymous_2)
FNDA:0,(anonymous_3)
FNDA:0,(anonymous_4)
FNDA:0,(anonymous_5)
FNDA:0,(anonymous_6)
FNDA:0,(anonymous_7)
FNDA:0,(anonymous_8)
FNDA:0,(anonymous_9)
FNDA:0,(anonymous_10)
FNDA:0,(anonymous_11)
FNDA:0,(anonymous_12)
FNDA:0,(anonymous_13)
FNDA:0,(anonymous_14)
FNDA:0,(anonymous_15)
FNDA:0,(anonymous_16)
FNDA:0,(anonymous_17)
FNDA:0,(anonymous_18)
FNDA:0,(anonymous_19)
FNDA:0,(anonymous_20)
FNDA:0,(anonymous_21)
FNDA:0,(anonymous_22)
FNDA:0,(anonymous_23)
FNDA:0,(anonymous_24)
FNDA:0,(anonymous_25)
FNDA:0,(anonymous_26)
FNDA:0,(anonymous_27)
FNDA:0,(anonymous_28)
FNDA:0,(anonymous_29)
FNDA:0,(anonymous_30)
FNDA:0,(anonymous_31)
FNDA:0,(anonymous_32)
FNDA:0,(anonymous_33)
FNDA:0,(anonymous_34)
FNDA:0,(anonymous_35)
FNDA:0,(anonymous_36)
FNDA:0,(anonymous_37)
FNDA:0,(anonymous_38)
FNDA:0,(anonymous_39)
FNDA:0,(anonymous_40)
FNDA:0,(anonymous_41)
DA:13,0
DA:14,0
DA:15,0
DA:16,0
DA:17,0
DA:18,0
DA:19,0
DA:20,0
DA:22,0
DA:23,0
DA:25,0
DA:49,0
DA:50,0
DA:51,0
DA:55,0
DA:56,0
DA:57,0
DA:58,0
DA:59,0
DA:63,0
DA:65,0
DA:66,0
DA:68,0
DA:69,0
DA:71,0
DA:72,0
DA:74,0
DA:75,0
DA:77,0
DA:78,0
DA:79,0
DA:82,0
DA:86,0
DA:89,0
DA:92,0
DA:96,0
DA:97,0
DA:98,0
DA:100,0
DA:105,0
DA:106,0
DA:107,0
DA:109,0
DA:110,0
DA:112,0
DA:123,0
DA:127,0
DA:132,0
DA:134,0
DA:135,0
DA:136,0
DA:137,0
DA:138,0
DA:139,0
DA:140,0
DA:141,0
DA:142,0
DA:143,0
DA:144,0
DA:150,0
DA:151,0
DA:154,0
DA:165,0
DA:169,0
DA:170,0
DA:171,0
DA:172,0
DA:178,0
DA:179,0
DA:180,0
DA:183,0
DA:184,0
DA:185,0
DA:186,0
DA:187,0
DA:192,0
DA:193,0
DA:196,0
DA:205,0
DA:206,0
DA:207,0
DA:208,0
DA:209,0
DA:211,0
DA:213,0
DA:215,0
DA:217,0
DA:220,0
DA:221,0
DA:222,0
DA:223,0
DA:225,0
DA:232,0
DA:233,0
DA:236,0
DA:245,0
DA:253,0
DA:260,0
DA:270,0
DA:277,0
DA:294,0
DA:295,0
DA:296,0
DA:298,0
DA:299,0
DA:309,0
DA:312,0
DA:313,0
DA:319,0
DA:320,0
DA:324,0
DA:337,0
LF:112
LH:0
BRDA:26,0,0,0
BRDA:26,0,1,0
BRDA:43,1,0,0
BRDA:43,1,1,0
BRDA:44,2,0,0
BRDA:44,2,1,0
BRDA:50,3,0,0
BRDA:50,3,1,0
BRDA:58,4,0,0
BRDA:58,4,1,0
BRDA:66,5,0,0
BRDA:66,5,1,0
BRDA:66,6,0,0
BRDA:66,6,1,0
BRDA:66,6,2,0
BRDA:84,7,0,0
BRDA:84,7,1,0
BRDA:92,8,0,0
BRDA:92,8,1,0
BRDA:97,9,0,0
BRDA:97,9,1,0
BRDA:100,10,0,0
BRDA:100,10,1,0
BRDA:101,11,0,0
BRDA:101,11,1,0
BRDA:102,12,0,0
BRDA:102,12,1,0
BRDA:127,13,0,0
BRDA:127,13,1,0
BRDA:138,14,0,0
BRDA:138,14,1,0
BRDA:140,15,0,0
BRDA:140,15,1,0
BRDA:140,16,0,0
BRDA:140,16,1,0
BRDA:144,17,0,0
BRDA:144,17,1,0
BRDA:151,18,0,0
BRDA:151,18,1,0
BRDA:186,19,0,0
BRDA:186,19,1,0
BRDA:193,20,0,0
BRDA:193,20,1,0
BRDA:211,21,0,0
BRDA:211,21,1,0
BRDA:220,22,0,0
BRDA:220,22,1,0
BRDA:220,23,0,0
BRDA:220,23,1,0
BRDA:233,24,0,0
BRDA:233,24,1,0
BRDA:266,25,0,0
BRDA:266,25,1,0
BRDA:287,26,0,0
BRDA:287,26,1,0
BRDA:287,26,2,0
BRDA:290,27,0,0
BRDA:290,27,1,0
BRDA:294,28,0,0
BRDA:294,28,1,0
BRDA:298,29,0,0
BRDA:298,29,1,0
BRDA:301,30,0,0
BRDA:301,30,1,0
BRF:64
BRH:0
end_of_record
TN:
SF:app/(modals)/activity-list.tsx
FN:9,ActivityListScreen
FN:34,(anonymous_1)
FN:42,(anonymous_2)
FN:73,(anonymous_3)
FN:85,(anonymous_4)
FN:97,(anonymous_5)
FN:109,(anonymous_6)
FN:126,(anonymous_7)
FN:130,(anonymous_8)
FN:142,(anonymous_9)
FN:146,(anonymous_10)
FN:171,(anonymous_11)
FN:180,(anonymous_12)
FN:186,(anonymous_13)
FN:186,(anonymous_14)
FN:192,(anonymous_15)
FN:192,(anonymous_16)
FN:198,(anonymous_17)
FN:198,(anonymous_18)
FN:205,(anonymous_19)
FN:205,(anonymous_20)
FN:211,(anonymous_21)
FN:211,(anonymous_22)
FN:221,(anonymous_23)
FN:221,(anonymous_24)
FN:232,(anonymous_25)
FN:232,(anonymous_26)
FN:243,(anonymous_27)
FN:243,(anonymous_28)
FN:254,(anonymous_29)
FN:254,(anonymous_30)
FN:267,(anonymous_31)
FN:268,(anonymous_32)
FN:298,(anonymous_33)
FNF:34
FNH:0
FNDA:0,ActivityListScreen
FNDA:0,(anonymous_1)
FNDA:0,(anonymous_2)
FNDA:0,(anonymous_3)
FNDA:0,(anonymous_4)
FNDA:0,(anonymous_5)
FNDA:0,(anonymous_6)
FNDA:0,(anonymous_7)
FNDA:0,(anonymous_8)
FNDA:0,(anonymous_9)
FNDA:0,(anonymous_10)
FNDA:0,(anonymous_11)
FNDA:0,(anonymous_12)
FNDA:0,(anonymous_13)
FNDA:0,(anonymous_14)
FNDA:0,(anonymous_15)
FNDA:0,(anonymous_16)
FNDA:0,(anonymous_17)
FNDA:0,(anonymous_18)
FNDA:0,(anonymous_19)
FNDA:0,(anonymous_20)
FNDA:0,(anonymous_21)
FNDA:0,(anonymous_22)
FNDA:0,(anonymous_23)
FNDA:0,(anonymous_24)
FNDA:0,(anonymous_25)
FNDA:0,(anonymous_26)
FNDA:0,(anonymous_27)
FNDA:0,(anonymous_28)
FNDA:0,(anonymous_29)
FNDA:0,(anonymous_30)
FNDA:0,(anonymous_31)
FNDA:0,(anonymous_32)
FNDA:0,(anonymous_33)
DA:10,0
DA:11,0
DA:12,0
DA:13,0
DA:23,0
DA:31,0
DA:32,0
DA:34,0
DA:35,0
DA:37,0
DA:38,0
DA:39,0
DA:42,0
DA:43,0
DA:44,0
DA:45,0
DA:46,0
DA:48,0
DA:50,0
DA:52,0
DA:56,0
DA:73,0
DA:85,0
DA:97,0
DA:109,0
DA:127,0
DA:130,0
DA:143,0
DA:146,0
DA:171,0
DA:180,0
DA:186,0
DA:192,0
DA:198,0
DA:205,0
DA:211,0
DA:221,0
DA:232,0
DA:243,0
DA:254,0
DA:267,0
DA:269,0
DA:278,0
DA:279,0
DA:280,0
DA:298,0
DA:305,0
LF:47
LH:0
BRDA:35,0,0,0
BRDA:35,0,1,0
BRDA:37,1,0,0
BRDA:37,1,1,0
BRDA:38,2,0,0
BRDA:38,2,1,0
BRDA:39,3,0,0
BRDA:39,3,1,0
BRDA:39,3,2,0
BRDA:44,4,0,0
BRDA:44,4,1,0
BRDA:73,5,0,0
BRDA:73,5,1,0
BRDA:76,6,0,0
BRDA:76,6,1,0
BRDA:85,7,0,0
BRDA:85,7,1,0
BRDA:88,8,0,0
BRDA:88,8,1,0
BRDA:97,9,0,0
BRDA:97,9,1,0
BRDA:100,10,0,0
BRDA:100,10,1,0
BRDA:109,11,0,0
BRDA:109,11,1,0
BRDA:112,12,0,0
BRDA:112,12,1,0
BRDA:130,13,0,0
BRDA:130,13,1,0
BRDA:152,14,0,0
BRDA:152,14,1,0
BRDA:157,15,0,0
BRDA:157,15,1,0
BRDA:158,16,0,0
BRDA:158,16,1,0
BRDA:159,17,0,0
BRDA:159,17,1,0
BRDA:160,18,0,0
BRDA:160,18,1,0
BRDA:168,19,0,0
BRDA:168,19,1,0
BRDA:224,20,0,0
BRDA:224,20,1,0
BRDA:235,21,0,0
BRDA:235,21,1,0
BRDA:246,22,0,0
BRDA:246,22,1,0
BRDA:257,23,0,0
BRDA:257,23,1,0
BRDA:273,24,0,0
BRDA:273,24,1,0
BRF:51
BRH:0
end_of_record
TN:
SF:src/components/DraggableActivity.tsx
FN:32,(anonymous_0)
FN:38,(anonymous_1)
FN:42,(anonymous_2)
FN:58,(anonymous_3)
FN:82,(anonymous_4)
FNF:5
FNH:0
FNDA:0,(anonymous_0)
FNDA:0,(anonymous_1)
FNDA:0,(anonymous_2)
FNDA:0,(anonymous_3)
FNDA:0,(anonymous_4)
DA:14,0
DA:32,0
DA:33,0
DA:34,0
DA:35,0
DA:37,0
DA:39,0
DA:40,0
DA:43,0
DA:45,0
DA:46,0
DA:47,0
DA:49,0
DA:50,0
DA:54,0
DA:55,0
DA:58,0
DA:59,0
DA:67,0
DA:82,0
DA:91,0
LF:21
LH:0
BRDA:43,0,0,0
BRDA:43,0,1,0
BRDA:45,1,0,0
BRDA:45,1,1,0
BRDA:49,2,0,0
BRDA:49,2,1,0
BRF:6
BRH:0
end_of_record
TN:
SF:src/components/ShareWeekendButton.tsx
FN:13,ShareWeekendButton
FN:16,(anonymous_1)
FNF:2
FNH:0
FNDA:0,ShareWeekendButton
FNDA:0,(anonymous_1)
DA:14,0
DA:16,0
DA:17,0
DA:18,0
DA:20,0
DA:25,0
DA:30,0
DA:34,0
LF:8
LH:0
BRDA:18,0,0,0
BRDA:18,0,1,0
BRF:2
BRH:0
end_of_record
TN:
SF:src/components/ShareableWeekendCard.tsx
FN:10,ShareableWeekendCard
FN:18,(anonymous_1)
FNF:2
FNH:0
FNDA:0,ShareableWeekendCard
FNDA:0,(anonymous_1)
DA:11,0
DA:19,0
DA:20,0
DA:54,0
LF:4
LH:0
BRDA:24,0,0,0
BRDA:24,0,1,0
BRDA:27,1,0,0
BRDA:27,1,1,0
BRDA:28,2,0,0
BRDA:28,2,1,0
BRDA:29,3,0,0
BRDA:29,3,1,0
BRDA:30,4,0,0
BRDA:30,4,1,0
BRDA:36,5,0,0
BRDA:36,5,1,0
BRF:12
BRH:0
end_of_record
TN:
SF:src/screens/ActivityListScreen.tsx
FN:7,(anonymous_0)
FN:12,(anonymous_1)
FN:19,(anonymous_2)
FN:37,(anonymous_3)
FN:41,(anonymous_4)
FN:51,(anonymous_5)
FN:55,(anonymous_6)
FN:66,(anonymous_7)
FNF:8
FNH:0
FNDA:0,(anonymous_0)
FNDA:0,(anonymous_1)
FNDA:0,(anonymous_2)
FNDA:0,(anonymous_3)
FNDA:0,(anonymous_4)
FNDA:0,(anonymous_5)
FNDA:0,(anonymous_6)
FNDA:0,(anonymous_7)
DA:7,0
DA:8,0
DA:9,0
DA:10,0
DA:12,0
DA:13,0
DA:15,0
DA:16,0
DA:19,0
DA:20,0
DA:21,0
DA:22,0
DA:26,0
DA:38,0
DA:41,0
DA:52,0
DA:55,0
DA:66,0
DA:77,0
LF:19
LH:0
BRDA:10,0,0,0
BRDA:10,0,1,0
BRDA:13,1,0,0
BRDA:13,1,1,0
BRDA:15,2,0,0
BRDA:15,2,1,0
BRDA:16,3,0,0
BRDA:16,3,1,0
BRDA:20,4,0,0
BRDA:20,4,1,0
BRDA:41,5,0,0
BRDA:41,5,1,0
BRDA:63,6,0,0
BRDA:63,6,1,0
BRF:14
BRH:0
end_of_record
TN:
SF:src/screens/HomeScreen.tsx
FN:8,(anonymous_0)
FN:11,(anonymous_1)
FN:15,(anonymous_2)
FN:30,(anonymous_3)
FN:38,(anonymous_4)
FN:47,(anonymous_5)
FN:59,(anonymous_6)
FN:68,(anonymous_7)
FNF:8
FNH:0
FNDA:0,(anonymous_0)
FNDA:0,(anonymous_1)
FNDA:0,(anonymous_2)
FNDA:0,(anonymous_3)
FNDA:0,(anonymous_4)
FNDA:0,(anonymous_5)
FNDA:0,(anonymous_6)
FNDA:0,(anonymous_7)
DA:8,0
DA:9,0
DA:11,0
DA:12,0
DA:15,0
DA:16,0
DA:17,0
DA:20,0
DA:30,0
DA:39,0
DA:47,0
DA:60,0
DA:68,0
DA:81,0
LF:14
LH:0
BRDA:56,0,0,0
BRDA:56,0,1,0
BRF:2
BRH:0
end_of_record
TN:
SF:src/screens/WeekendPlanScreen.tsx
FN:11,(anonymous_0)
FN:27,(anonymous_1)
FN:33,(anonymous_2)
FN:36,(anonymous_3)
FN:45,(anonymous_4)
FN:51,(anonymous_5)
FN:62,(anonymous_6)
FN:75,(anonymous_7)
FN:98,(anonymous_8)
FN:101,(anonymous_9)
FN:122,(anonymous_10)
FN:124,(anonymous_11)
FN:128,(anonymous_12)
FN:132,(anonymous_13)
FN:141,(anonymous_14)
FN:142,(anonymous_15)
FN:143,(anonymous_16)
FN:145,(anonymous_17)
FN:150,(anonymous_18)
FN:163,(anonymous_19)
FN:164,(anonymous_20)
FN:171,(anonymous_21)
FN:189,(anonymous_22)
FN:195,(anonymous_23)
FN:199,(anonymous_24)
FN:205,(anonymous_25)
FN:206,(anonymous_26)
FN:209,(anonymous_27)
FN:215,(anonymous_28)
FN:228,(anonymous_29)
FNF:30
FNH:0
FNDA:0,(anonymous_0)
FNDA:0,(anonymous_1)
FNDA:0,(anonymous_2)
FNDA:0,(anonymous_3)
FNDA:0,(anonymous_4)
FNDA:0,(anonymous_5)
FNDA:0,(anonymous_6)
FNDA:0,(anonymous_7)
FNDA:0,(anonymous_8)
FNDA:0,(anonymous_9)
FNDA:0,(anonymous_10)
FNDA:0,(anonymous_11)
FNDA:0,(anonymous_12)
FNDA:0,(anonymous_13)
FNDA:0,(anonymous_14)
FNDA:0,(anonymous_15)
FNDA:0,(anonymous_16)
FNDA:0,(anonymous_17)
FNDA:0,(anonymous_18)
FNDA:0,(anonymous_19)
FNDA:0,(anonymous_20)
FNDA:0,(anonymous_21)
FNDA:0,(anonymous_22)
FNDA:0,(anonymous_23)
FNDA:0,(anonymous_24)
FNDA:0,(anonymous_25)
FNDA:0,(anonymous_26)
FNDA:0,(anonymous_27)
FNDA:0,(anonymous_28)
FNDA:0,(anonymous_29)
DA:11,0
DA:12,0
DA:13,0
DA:14,0
DA:27,0
DA:28,0
DA:29,0
DA:33,0
DA:34,0
DA:35,0
DA:36,0
DA:37,0
DA:38,0
DA:41,0
DA:45,0
DA:46,0
DA:47,0
DA:48,0
DA:49,0
DA:51,0
DA:62,0
DA:63,0
DA:65,0
DA:67,0
DA:68,0
DA:70,0
DA:75,0
DA:76,0
DA:77,0
DA:78,0
DA:80,0
DA:87,0
DA:88,0
DA:89,0
DA:91,0
DA:94,0
DA:95,0
DA:98,0
DA:99,0
DA:102,0
DA:109,0
DA:110,0
DA:114,0
DA:117,0
DA:121,0
DA:124,0
DA:125,0
DA:128,0
DA:132,0
DA:133,0
DA:134,0
DA:135,0
DA:137,0
DA:141,0
DA:142,0
DA:143,0
DA:144,0
DA:145,0
DA:150,0
DA:151,0
DA:154,0
DA:163,0
DA:164,0
DA:165,0
DA:166,0
DA:167,0
DA:168,0
DA:171,0
DA:172,0
DA:175,0
DA:176,0
DA:180,0
DA:189,0
DA:196,0
DA:200,0
DA:205,0
DA:207,0
DA:208,0
DA:209,0
DA:210,0
DA:211,0
DA:212,0
DA:215,0
DA:216,0
DA:219,0
DA:220,0
DA:228,0
DA:243,0
LF:88
LH:0
BRDA:12,0,0,0
BRDA:12,0,1,0
BRDA:15,1,0,0
BRDA:15,1,1,0
BRDA:28,2,0,0
BRDA:28,2,1,0
BRDA:37,3,0,0
BRDA:37,3,1,0
BRDA:46,4,0,0
BRDA:46,4,1,0
BRDA:87,5,0,0
BRDA:87,5,1,0
BRDA:87,6,0,0
BRDA:87,6,1,0
BRDA:94,7,0,0
BRDA:94,7,1,0
BRDA:102,8,0,0
BRDA:102,8,1,0
BRDA:144,9,0,0
BRDA:144,9,1,0
BRDA:151,10,0,0
BRDA:151,10,1,0
BRDA:172,11,0,0
BRDA:172,11,1,0
BRDA:207,12,0,0
BRDA:207,12,1,0
BRDA:216,13,0,0
BRDA:216,13,1,0
BRF:28
BRH:0
end_of_record
TN:
SF:src/utils/sampleData.ts
FNF:0
FNH:0
DA:3,0
DA:133,0
DA:144,0
LF:3
LH:0
BRF:0
BRH:0
end_of_record
TN:
SF:src/utils/selectedActivity.ts
FN:6,(anonymous_0)
FN:16,(anonymous_1)
FNF:2
FNH:0
FNDA:0,(anonymous_0)
FNDA:0,(anonymous_1)
DA:4,0
DA:6,0
DA:7,0
DA:8,0
DA:9,0
DA:11,0
DA:12,0
DA:16,0
DA:17,0
DA:18,0
DA:19,0
DA:20,0
DA:21,0
DA:23,0
DA:25,0
DA:26,0
LF:16
LH:0
BRDA:19,0,0,0
BRDA:19,0,1,0
BRF:2
BRH:0
end_of_record
TN:
SF:src/utils/selectedDayIndex.ts
FN:5,(anonymous_0)
FN:15,(anonymous_1)
FNF:2
FNH:0
FNDA:0,(anonymous_0)
FNDA:0,(anonymous_1)
DA:3,0
DA:5,0
DA:6,0
DA:7,0
DA:8,0
DA:10,0
DA:11,0
DA:15,0
DA:16,0
DA:17,0
DA:18,0
DA:19,0
DA:21,0
DA:23,0
DA:24,0
LF:15
LH:0
BRDA:18,0,0,0
BRDA:18,0,1,0
BRF:2
BRH:0
end_of_record
TN:
SF:src/utils/storage.ts
FN:6,(anonymous_0)
FN:11,(anonymous_1)
FN:26,(anonymous_2)
FN:36,(anonymous_3)
FN:42,(anonymous_4)
FNF:5
FNH:4
FNDA:1,(anonymous_0)
FNDA:0,(anonymous_1)
FNDA:1,(anonymous_2)
FNDA:1,(anonymous_3)
FNDA:2,(anonymous_4)
DA:4,1
DA:6,1
DA:7,1
DA:8,1
DA:9,1
DA:11,1
DA:12,1
DA:13,0
DA:15,1
DA:18,1
DA:19,1
DA:21,0
DA:22,0
DA:26,1
DA:27,1
DA:28,1
DA:29,1
DA:31,0
DA:32,0
DA:36,1
DA:37,1
DA:38,1
DA:39,1
DA:41,1
DA:42,2
DA:44,1
DA:45,1
DA:47,0
DA:48,0
LF:29
LH:22
BRDA:9,0,0,0
BRDA:9,0,1,1
BRDA:12,1,0,0
BRDA:12,1,1,1
BRDA:29,2,0,0
BRDA:29,2,1,1
BRDA:39,3,0,0
BRDA:39,3,1,1
BRF:8
BRH:4
end_of_record
TN:
SF:src/utils/types.ts
FNF:0
FNH:0
LF:0
LH:0
BRF:0
BRH:0
end_of_record
